[19-Apr-2016 07:30:16 UTC] PHP Fatal error:  Class 'Illuminate\Foundation\Testing\TestCase' not found in /home/ubuntu/workspace/tests/TestCase.php on line 4
[19-Apr-2016 07:30:16 UTC] PHP Stack trace:
[19-Apr-2016 07:30:16 UTC] PHP   1. {main}() /home/ubuntu/workspace/tests/TestCase.php:0
[19-Apr-2016 08:03:35 UTC] PHP Parse error:  syntax error, unexpected '@' in /home/ubuntu/workspace/app/Http/routes.php on line 18
[19-Apr-2016 08:03:35 UTC] PHP Stack trace:
[19-Apr-2016 08:03:35 UTC] PHP   1. {main}() /home/ubuntu/workspace/public/index.php:0
[19-Apr-2016 08:03:35 UTC] PHP   2. Illuminate\Foundation\Http\Kernel->handle() /home/ubuntu/workspace/public/index.php:54
[19-Apr-2016 08:03:35 UTC] PHP   3. Illuminate\Foundation\Http\Kernel->sendRequestThroughRouter() /home/ubuntu/workspace/vendor/laravel/framework/src/Illuminate/Foundation/Http/Kernel.php:99
[19-Apr-2016 08:03:35 UTC] PHP   4. Illuminate\Foundation\Http\Kernel->bootstrap() /home/ubuntu/workspace/vendor/laravel/framework/src/Illuminate/Foundation/Http/Kernel.php:127
[19-Apr-2016 08:03:35 UTC] PHP   5. Illuminate\Foundation\Application->bootstrapWith() /home/ubuntu/workspace/vendor/laravel/framework/src/Illuminate/Foundation/Http/Kernel.php:232
[19-Apr-2016 08:03:35 UTC] PHP   6. Illuminate\Foundation\Bootstrap\BootProviders->bootstrap() /home/ubuntu/workspace/vendor/laravel/framework/src/Illuminate/Foundation/Application.php:203
[19-Apr-2016 08:03:35 UTC] PHP   7. Illuminate\Foundation\Application->boot() /home/ubuntu/workspace/vendor/laravel/framework/src/Illuminate/Foundation/Bootstrap/BootProviders.php:17
[19-Apr-2016 08:03:35 UTC] PHP   8. array_walk() /home/ubuntu/workspace/vendor/laravel/framework/src/Illuminate/Foundation/Application.php:741
[19-Apr-2016 08:03:35 UTC] PHP   9. Illuminate\Foundation\Application->Illuminate\Foundation\{closure}() /home/ubuntu/workspace/vendor/laravel/framework/src/Illuminate/Foundation/Application.php:741
[19-Apr-2016 08:03:35 UTC] PHP  10. Illuminate\Foundation\Application->bootProvider() /home/ubuntu/workspace/vendor/laravel/framework/src/Illuminate/Foundation/Application.php:740
[19-Apr-2016 08:03:35 UTC] PHP  11. Illuminate\Container\Container->call() /home/ubuntu/workspace/vendor/laravel/framework/src/Illuminate/Foundation/Application.php:757
[19-Apr-2016 08:03:35 UTC] PHP  12. call_user_func_array:{/home/ubuntu/workspace/vendor/laravel/framework/src/Illuminate/Container/Container.php:507}() /home/ubuntu/workspace/vendor/laravel/framework/src/Illuminate/Container/Container.php:507
[19-Apr-2016 08:03:35 UTC] PHP  13. App\Providers\RouteServiceProvider->boot() /home/ubuntu/workspace/vendor/laravel/framework/src/Illuminate/Container/Container.php:507
[19-Apr-2016 08:03:35 UTC] PHP  14. Illuminate\Foundation\Support\Providers\RouteServiceProvider->boot() /home/ubuntu/workspace/app/Providers/RouteServiceProvider.php:29
[19-Apr-2016 08:03:35 UTC] PHP  15. Illuminate\Foundation\Support\Providers\RouteServiceProvider->loadRoutes() /home/ubuntu/workspace/vendor/laravel/framework/src/Illuminate/Foundation/Support/Providers/RouteServiceProvider.php:31
[19-Apr-2016 08:03:35 UTC] PHP  16. Illuminate\Container\Container->call() /home/ubuntu/workspace/vendor/laravel/framework/src/Illuminate/Foundation/Support/Providers/RouteServiceProvider.php:72
[19-Apr-2016 08:03:35 UTC] PHP  17. call_user_func_array:{/home/ubuntu/workspace/vendor/laravel/framework/src/Illuminate/Container/Container.php:507}() /home/ubuntu/workspace/vendor/laravel/framework/src/Illuminate/Container/Container.php:507
[19-Apr-2016 08:03:35 UTC] PHP  18. App\Providers\RouteServiceProvider->map() /home/ubuntu/workspace/vendor/laravel/framework/src/Illuminate/Container/Container.php:507
[19-Apr-2016 08:03:35 UTC] PHP  19. App\Providers\RouteServiceProvider->mapWebRoutes() /home/ubuntu/workspace/app/Providers/RouteServiceProvider.php:40
[19-Apr-2016 08:03:35 UTC] PHP  20. Illuminate\Routing\Router->group() /home/ubuntu/workspace/app/Providers/RouteServiceProvider.php:59
[19-Apr-2016 08:03:35 UTC] PHP  21. call_user_func:{/home/ubuntu/workspace/vendor/laravel/framework/src/Illuminate/Routing/Router.php:398}() /home/ubuntu/workspace/vendor/laravel/framework/src/Illuminate/Routing/Router.php:398
[19-Apr-2016 08:03:35 UTC] PHP  22. App\Providers\RouteServiceProvider->App\Providers\{closure}() /home/ubuntu/workspace/vendor/laravel/framework/src/Illuminate/Routing/Router.php:398
[19-Apr-2016 09:23:48 UTC] PHP Fatal error:  Cannot redeclare App\Http\Controllers\PagesController::about() in /home/ubuntu/workspace/app/Http/Controllers/PagesController.php on line 28
[19-Apr-2016 09:23:48 UTC] PHP Stack trace:
[19-Apr-2016 09:23:48 UTC] PHP   1. {main}() /home/ubuntu/workspace/public/index.php:0
[19-Apr-2016 09:23:48 UTC] PHP   2. Illuminate\Foundation\Http\Kernel->handle() /home/ubuntu/workspace/public/index.php:54
[19-Apr-2016 09:23:48 UTC] PHP   3. Illuminate\Foundation\Http\Kernel->sendRequestThroughRouter() /home/ubuntu/workspace/vendor/laravel/framework/src/Illuminate/Foundation/Http/Kernel.php:99
[19-Apr-2016 09:23:48 UTC] PHP   4. Illuminate\Pipeline\Pipeline->then() /home/ubuntu/workspace/vendor/laravel/framework/src/Illuminate/Foundation/Http/Kernel.php:132
[19-Apr-2016 09:23:48 UTC] PHP   5. call_user_func:{/home/ubuntu/workspace/vendor/laravel/framework/src/Illuminate/Pipeline/Pipeline.php:103}() /home/ubuntu/workspace/vendor/laravel/framework/src/Illuminate/Pipeline/Pipeline.php:103
[19-Apr-2016 09:23:48 UTC] PHP   6. Illuminate\Routing\Pipeline->Illuminate\Routing\{closure}() /home/ubuntu/workspace/vendor/laravel/framework/src/Illuminate/Pipeline/Pipeline.php:103
[19-Apr-2016 09:23:48 UTC] PHP   7. call_user_func:{/home/ubuntu/workspace/vendor/laravel/framework/src/Illuminate/Routing/Pipeline.php:32}() /home/ubuntu/workspace/vendor/laravel/framework/src/Illuminate/Routing/Pipeline.php:32
[19-Apr-2016 09:23:48 UTC] PHP   8. Illuminate\Pipeline\Pipeline->Illuminate\Pipeline\{closure}() /home/ubuntu/workspace/vendor/laravel/framework/src/Illuminate/Routing/Pipeline.php:32
[19-Apr-2016 09:23:48 UTC] PHP   9. call_user_func_array:{/home/ubuntu/workspace/vendor/laravel/framework/src/Illuminate/Pipeline/Pipeline.php:124}() /home/ubuntu/workspace/vendor/laravel/framework/src/Illuminate/Pipeline/Pipeline.php:124
[19-Apr-2016 09:23:48 UTC] PHP  10. Illuminate\Foundation\Http\Middleware\CheckForMaintenanceMode->handle() /home/ubuntu/workspace/vendor/laravel/framework/src/Illuminate/Pipeline/Pipeline.php:124
[19-Apr-2016 09:23:48 UTC] PHP  11. Illuminate\Routing\Pipeline->Illuminate\Routing\{closure}() /home/ubuntu/workspace/vendor/laravel/framework/src/Illuminate/Foundation/Http/Middleware/CheckForMaintenanceMode.php:44
[19-Apr-2016 09:23:48 UTC] PHP  12. call_user_func:{/home/ubuntu/workspace/vendor/laravel/framework/src/Illuminate/Routing/Pipeline.php:52}() /home/ubuntu/workspace/vendor/laravel/framework/src/Illuminate/Routing/Pipeline.php:52
[19-Apr-2016 09:23:48 UTC] PHP  13. Illuminate\Foundation\Http\Kernel->Illuminate\Foundation\Http\{closure}() /home/ubuntu/workspace/vendor/laravel/framework/src/Illuminate/Routing/Pipeline.php:52
[19-Apr-2016 09:23:48 UTC] PHP  14. Illuminate\Routing\Router->dispatch() /home/ubuntu/workspace/vendor/laravel/framework/src/Illuminate/Foundation/Http/Kernel.php:246
[19-Apr-2016 09:23:48 UTC] PHP  15. Illuminate\Routing\Router->dispatchToRoute() /home/ubuntu/workspace/vendor/laravel/framework/src/Illuminate/Routing/Router.php:675
[19-Apr-2016 09:23:48 UTC] PHP  16. Illuminate\Routing\Router->findRoute() /home/ubuntu/workspace/vendor/laravel/framework/src/Illuminate/Routing/Router.php:691
[19-Apr-2016 09:23:48 UTC] PHP  17. Illuminate\Routing\Router->substituteBindings() /home/ubuntu/workspace/vendor/laravel/framework/src/Illuminate/Routing/Router.php:827
[19-Apr-2016 09:23:48 UTC] PHP  18. Illuminate\Routing\Router->substituteImplicitBindings() /home/ubuntu/workspace/vendor/laravel/framework/src/Illuminate/Routing/Router.php:844
[19-Apr-2016 09:23:48 UTC] PHP  19. Illuminate\Routing\Route->signatureParameters() /home/ubuntu/workspace/vendor/laravel/framework/src/Illuminate/Routing/Router.php:859
[19-Apr-2016 09:23:48 UTC] PHP  20. ReflectionMethod->__construct() /home/ubuntu/workspace/vendor/laravel/framework/src/Illuminate/Routing/Route.php:279
[19-Apr-2016 09:23:48 UTC] PHP  21. spl_autoload_call() /home/ubuntu/workspace/vendor/laravel/framework/src/Illuminate/Routing/Route.php:279
[19-Apr-2016 09:23:48 UTC] PHP  22. Composer\Autoload\ClassLoader->loadClass() /home/ubuntu/workspace/vendor/laravel/framework/src/Illuminate/Routing/Route.php:279
[19-Apr-2016 09:23:48 UTC] PHP  23. Composer\Autoload\includeFile() /home/ubuntu/workspace/vendor/composer/ClassLoader.php:301
[22-Apr-2016 06:19:04 UTC] PHP Parse error:  syntax error, unexpected '$last' (T_VARIABLE), expecting ',' or ';' in /home/ubuntu/workspace/storage/framework/views/a6a80cdbd639ddbc91e4b7095f7886dad4100f60.php on line 10
[22-Apr-2016 06:19:04 UTC] PHP Stack trace:
[22-Apr-2016 06:19:04 UTC] PHP   1. {main}() /home/ubuntu/workspace/public/index.php:0
[22-Apr-2016 06:19:04 UTC] PHP   2. Illuminate\Foundation\Http\Kernel->handle() /home/ubuntu/workspace/public/index.php:54
[22-Apr-2016 06:19:04 UTC] PHP   3. Illuminate\Foundation\Http\Kernel->sendRequestThroughRouter() /home/ubuntu/workspace/vendor/laravel/framework/src/Illuminate/Foundation/Http/Kernel.php:99
[22-Apr-2016 06:19:04 UTC] PHP   4. Illuminate\Pipeline\Pipeline->then() /home/ubuntu/workspace/vendor/laravel/framework/src/Illuminate/Foundation/Http/Kernel.php:132
[22-Apr-2016 06:19:04 UTC] PHP   5. call_user_func:{/home/ubuntu/workspace/vendor/laravel/framework/src/Illuminate/Pipeline/Pipeline.php:103}() /home/ubuntu/workspace/vendor/laravel/framework/src/Illuminate/Pipeline/Pipeline.php:103
[22-Apr-2016 06:19:04 UTC] PHP   6. Illuminate\Routing\Pipeline->Illuminate\Routing\{closure}() /home/ubuntu/workspace/vendor/laravel/framework/src/Illuminate/Pipeline/Pipeline.php:103
[22-Apr-2016 06:19:04 UTC] PHP   7. call_user_func:{/home/ubuntu/workspace/vendor/laravel/framework/src/Illuminate/Routing/Pipeline.php:32}() /home/ubuntu/workspace/vendor/laravel/framework/src/Illuminate/Routing/Pipeline.php:32
[22-Apr-2016 06:19:04 UTC] PHP   8. Illuminate\Pipeline\Pipeline->Illuminate\Pipeline\{closure}() /home/ubuntu/workspace/vendor/laravel/framework/src/Illuminate/Routing/Pipeline.php:32
[22-Apr-2016 06:19:04 UTC] PHP   9. call_user_func_array:{/home/ubuntu/workspace/vendor/laravel/framework/src/Illuminate/Pipeline/Pipeline.php:124}() /home/ubuntu/workspace/vendor/laravel/framework/src/Illuminate/Pipeline/Pipeline.php:124
[22-Apr-2016 06:19:04 UTC] PHP  10. Illuminate\Foundation\Http\Middleware\CheckForMaintenanceMode->handle() /home/ubuntu/workspace/vendor/laravel/framework/src/Illuminate/Pipeline/Pipeline.php:124
[22-Apr-2016 06:19:04 UTC] PHP  11. Illuminate\Routing\Pipeline->Illuminate\Routing\{closure}() /home/ubuntu/workspace/vendor/laravel/framework/src/Illuminate/Foundation/Http/Middleware/CheckForMaintenanceMode.php:44
[22-Apr-2016 06:19:04 UTC] PHP  12. call_user_func:{/home/ubuntu/workspace/vendor/laravel/framework/src/Illuminate/Routing/Pipeline.php:52}() /home/ubuntu/workspace/vendor/laravel/framework/src/Illuminate/Routing/Pipeline.php:52
[22-Apr-2016 06:19:04 UTC] PHP  13. Illuminate\Foundation\Http\Kernel->Illuminate\Foundation\Http\{closure}() /home/ubuntu/workspace/vendor/laravel/framework/src/Illuminate/Routing/Pipeline.php:52
[22-Apr-2016 06:19:04 UTC] PHP  14. Illuminate\Routing\Router->dispatch() /home/ubuntu/workspace/vendor/laravel/framework/src/Illuminate/Foundation/Http/Kernel.php:246
[22-Apr-2016 06:19:04 UTC] PHP  15. Illuminate\Routing\Router->dispatchToRoute() /home/ubuntu/workspace/vendor/laravel/framework/src/Illuminate/Routing/Router.php:675
[22-Apr-2016 06:19:04 UTC] PHP  16. Illuminate\Routing\Router->runRouteWithinStack() /home/ubuntu/workspace/vendor/laravel/framework/src/Illuminate/Routing/Router.php:699
[22-Apr-2016 06:19:04 UTC] PHP  17. Illuminate\Pipeline\Pipeline->then() /home/ubuntu/workspace/vendor/laravel/framework/src/Illuminate/Routing/Router.php:726
[22-Apr-2016 06:19:04 UTC] PHP  18. call_user_func:{/home/ubuntu/workspace/vendor/laravel/framework/src/Illuminate/Pipeline/Pipeline.php:103}() /home/ubuntu/workspace/vendor/laravel/framework/src/Illuminate/Pipeline/Pipeline.php:103
[22-Apr-2016 06:19:04 UTC] PHP  19. Illuminate\Routing\Pipeline->Illuminate\Routing\{closure}() /home/ubuntu/workspace/vendor/laravel/framework/src/Illuminate/Pipeline/Pipeline.php:103
[22-Apr-2016 06:19:04 UTC] PHP  20. call_user_func:{/home/ubuntu/workspace/vendor/laravel/framework/src/Illuminate/Routing/Pipeline.php:32}() /home/ubuntu/workspace/vendor/laravel/framework/src/Illuminate/Routing/Pipeline.php:32
[22-Apr-2016 06:19:04 UTC] PHP  21. Illuminate\Pipeline\Pipeline->Illuminate\Pipeline\{closure}() /home/ubuntu/workspace/vendor/laravel/framework/src/Illuminate/Routing/Pipeline.php:32
[22-Apr-2016 06:19:04 UTC] PHP  22. call_user_func_array:{/home/ubuntu/workspace/vendor/laravel/framework/src/Illuminate/Pipeline/Pipeline.php:124}() /home/ubuntu/workspace/vendor/laravel/framework/src/Illuminate/Pipeline/Pipeline.php:124
[22-Apr-2016 06:19:04 UTC] PHP  23. Illuminate\Cookie\Middleware\EncryptCookies->handle() /home/ubuntu/workspace/vendor/laravel/framework/src/Illuminate/Pipeline/Pipeline.php:124
[22-Apr-2016 06:19:04 UTC] PHP  24. Illuminate\Routing\Pipeline->Illuminate\Routing\{closure}() /home/ubuntu/workspace/vendor/laravel/framework/src/Illuminate/Cookie/Middleware/EncryptCookies.php:59
[22-Apr-2016 06:19:04 UTC] PHP  25. call_user_func:{/home/ubuntu/workspace/vendor/laravel/framework/src/Illuminate/Routing/Pipeline.php:32}() /home/ubuntu/workspace/vendor/laravel/framework/src/Illuminate/Routing/Pipeline.php:32
[22-Apr-2016 06:19:04 UTC] PHP  26. Illuminate\Pipeline\Pipeline->Illuminate\Pipeline\{closure}() /home/ubuntu/workspace/vendor/laravel/framework/src/Illuminate/Routing/Pipeline.php:32
[22-Apr-2016 06:19:04 UTC] PHP  27. call_user_func_array:{/home/ubuntu/workspace/vendor/laravel/framework/src/Illuminate/Pipeline/Pipeline.php:124}() /home/ubuntu/workspace/vendor/laravel/framework/src/Illuminate/Pipeline/Pipeline.php:124
[22-Apr-2016 06:19:04 UTC] PHP  28. Illuminate\Cookie\Middleware\AddQueuedCookiesToResponse->handle() /home/ubuntu/workspace/vendor/laravel/framework/src/Illuminate/Pipeline/Pipeline.php:124
[22-Apr-2016 06:19:04 UTC] PHP  29. Illuminate\Routing\Pipeline->Illuminate\Routing\{closure}() /home/ubuntu/workspace/vendor/laravel/framework/src/Illuminate/Cookie/Middleware/AddQueuedCookiesToResponse.php:37
[22-Apr-2016 06:19:04 UTC] PHP  30. call_user_func:{/home/ubuntu/workspace/vendor/laravel/framework/src/Illuminate/Routing/Pipeline.php:32}() /home/ubuntu/workspace/vendor/laravel/framework/src/Illuminate/Routing/Pipeline.php:32
[22-Apr-2016 06:19:04 UTC] PHP  31. Illuminate\Pipeline\Pipeline->Illuminate\Pipeline\{closure}() /home/ubuntu/workspace/vendor/laravel/framework/src/Illuminate/Routing/Pipeline.php:32
[22-Apr-2016 06:19:04 UTC] PHP  32. call_user_func_array:{/home/ubuntu/workspace/vendor/laravel/framework/src/Illuminate/Pipeline/Pipeline.php:124}() /home/ubuntu/workspace/vendor/laravel/framework/src/Illuminate/Pipeline/Pipeline.php:124
[22-Apr-2016 06:19:04 UTC] PHP  33. Illuminate\Session\Middleware\StartSession->handle() /home/ubuntu/workspace/vendor/laravel/framework/src/Illuminate/Pipeline/Pipeline.php:124
[22-Apr-2016 06:19:04 UTC] PHP  34. Illuminate\Routing\Pipeline->Illuminate\Routing\{closure}() /home/ubuntu/workspace/vendor/laravel/framework/src/Illuminate/Session/Middleware/StartSession.php:62
[22-Apr-2016 06:19:04 UTC] PHP  35. call_user_func:{/home/ubuntu/workspace/vendor/laravel/framework/src/Illuminate/Routing/Pipeline.php:32}() /home/ubuntu/workspace/vendor/laravel/framework/src/Illuminate/Routing/Pipeline.php:32
[22-Apr-2016 06:19:04 UTC] PHP  36. Illuminate\Pipeline\Pipeline->Illuminate\Pipeline\{closure}() /home/ubuntu/workspace/vendor/laravel/framework/src/Illuminate/Routing/Pipeline.php:32
[22-Apr-2016 06:19:04 UTC] PHP  37. call_user_func_array:{/home/ubuntu/workspace/vendor/laravel/framework/src/Illuminate/Pipeline/Pipeline.php:124}() /home/ubuntu/workspace/vendor/laravel/framework/src/Illuminate/Pipeline/Pipeline.php:124
[22-Apr-2016 06:19:04 UTC] PHP  38. Illuminate\View\Middleware\ShareErrorsFromSession->handle() /home/ubuntu/workspace/vendor/laravel/framework/src/Illuminate/Pipeline/Pipeline.php:124
[22-Apr-2016 06:19:04 UTC] PHP  39. Illuminate\Routing\Pipeline->Illuminate\Routing\{closure}() /home/ubuntu/workspace/vendor/laravel/framework/src/Illuminate/View/Middleware/ShareErrorsFromSession.php:49
[22-Apr-2016 06:19:04 UTC] PHP  40. call_user_func:{/home/ubuntu/workspace/vendor/laravel/framework/src/Illuminate/Routing/Pipeline.php:32}() /home/ubuntu/workspace/vendor/laravel/framework/src/Illuminate/Routing/Pipeline.php:32
[22-Apr-2016 06:19:04 UTC] PHP  41. Illuminate\Pipeline\Pipeline->Illuminate\Pipeline\{closure}() /home/ubuntu/workspace/vendor/laravel/framework/src/Illuminate/Routing/Pipeline.php:32
[22-Apr-2016 06:19:04 UTC] PHP  42. call_user_func_array:{/home/ubuntu/workspace/vendor/laravel/framework/src/Illuminate/Pipeline/Pipeline.php:124}() /home/ubuntu/workspace/vendor/laravel/framework/src/Illuminate/Pipeline/Pipeline.php:124
[22-Apr-2016 06:19:04 UTC] PHP  43. Illuminate\Foundation\Http\Middleware\VerifyCsrfToken->handle() /home/ubuntu/workspace/vendor/laravel/framework/src/Illuminate/Pipeline/Pipeline.php:124
[22-Apr-2016 06:19:04 UTC] PHP  44. Illuminate\Routing\Pipeline->Illuminate\Routing\{closure}() /home/ubuntu/workspace/vendor/laravel/framework/src/Illuminate/Foundation/Http/Middleware/VerifyCsrfToken.php:64
[22-Apr-2016 06:19:04 UTC] PHP  45. call_user_func:{/home/ubuntu/workspace/vendor/laravel/framework/src/Illuminate/Routing/Pipeline.php:52}() /home/ubuntu/workspace/vendor/laravel/framework/src/Illuminate/Routing/Pipeline.php:52
[22-Apr-2016 06:19:04 UTC] PHP  46. Illuminate\Routing\Router->Illuminate\Routing\{closure}() /home/ubuntu/workspace/vendor/laravel/framework/src/Illuminate/Routing/Pipeline.php:52
[22-Apr-2016 06:19:04 UTC] PHP  47. Illuminate\Routing\Route->run() /home/ubuntu/workspace/vendor/laravel/framework/src/Illuminate/Routing/Router.php:724
[22-Apr-2016 06:19:04 UTC] PHP  48. Illuminate\Routing\Route->runController() /home/ubuntu/workspace/vendor/laravel/framework/src/Illuminate/Routing/Route.php:140
[22-Apr-2016 06:19:04 UTC] PHP  49. Illuminate\Routing\ControllerDispatcher->dispatch() /home/ubuntu/workspace/vendor/laravel/framework/src/Illuminate/Routing/Route.php:174
[22-Apr-2016 06:19:04 UTC] PHP  50. Illuminate\Routing\ControllerDispatcher->callWithinStack() /home/ubuntu/workspace/vendor/laravel/framework/src/Illuminate/Routing/ControllerDispatcher.php:54
[22-Apr-2016 06:19:04 UTC] PHP  51. Illuminate\Pipeline\Pipeline->then() /home/ubuntu/workspace/vendor/laravel/framework/src/Illuminate/Routing/ControllerDispatcher.php:96
[22-Apr-2016 06:19:04 UTC] PHP  52. call_user_func:{/home/ubuntu/workspace/vendor/laravel/framework/src/Illuminate/Pipeline/Pipeline.php:103}() /home/ubuntu/workspace/vendor/laravel/framework/src/Illuminate/Pipeline/Pipeline.php:103
[22-Apr-2016 06:19:04 UTC] PHP  53. Illuminate\Routing\Pipeline->Illuminate\Routing\{closure}() /home/ubuntu/workspace/vendor/laravel/framework/src/Illuminate/Pipeline/Pipeline.php:103
[22-Apr-2016 06:19:04 UTC] PHP  54. call_user_func:{/home/ubuntu/workspace/vendor/laravel/framework/src/Illuminate/Routing/Pipeline.php:52}() /home/ubuntu/workspace/vendor/laravel/framework/src/Illuminate/Routing/Pipeline.php:52
[22-Apr-2016 06:19:04 UTC] PHP  55. Illuminate\Routing\ControllerDispatcher->Illuminate\Routing\{closure}() /home/ubuntu/workspace/vendor/laravel/framework/src/Illuminate/Routing/Pipeline.php:52
[22-Apr-2016 06:19:04 UTC] PHP  56. Illuminate\Routing\Router->prepareResponse() /home/ubuntu/workspace/vendor/laravel/framework/src/Illuminate/Routing/ControllerDispatcher.php:95
[22-Apr-2016 06:19:04 UTC] PHP  57. Symfony\Component\HttpFoundation\Response->__construct() /home/ubuntu/workspace/vendor/laravel/framework/src/Illuminate/Routing/Router.php:1087
[22-Apr-2016 06:19:04 UTC] PHP  58. Illuminate\Http\Response->setContent() /home/ubuntu/workspace/vendor/symfony/http-foundation/Response.php:199
[22-Apr-2016 06:19:04 UTC] PHP  59. Illuminate\View\View->render() /home/ubuntu/workspace/vendor/laravel/framework/src/Illuminate/Http/Response.php:53
[22-Apr-2016 06:19:04 UTC] PHP  60. Illuminate\View\View->renderContents() /home/ubuntu/workspace/vendor/laravel/framework/src/Illuminate/View/View.php:83
[22-Apr-2016 06:19:04 UTC] PHP  61. Illuminate\View\View->getContents() /home/ubuntu/workspace/vendor/laravel/framework/src/Illuminate/View/View.php:118
[22-Apr-2016 06:19:04 UTC] PHP  62. Illuminate\View\Engines\CompilerEngine->get() /home/ubuntu/workspace/vendor/laravel/framework/src/Illuminate/View/View.php:147
[22-Apr-2016 06:19:04 UTC] PHP  63. Illuminate\View\Engines\PhpEngine->evaluatePath() /home/ubuntu/workspace/vendor/laravel/framework/src/Illuminate/View/Engines/CompilerEngine.php:59
[22-Apr-2016 06:30:53 UTC] PHP Warning:  Uncaught exception 'ErrorException' with message 'Undefined variable: first' in /home/ubuntu/workspace/storage/framework/views/a6a80cdbd639ddbc91e4b7095f7886dad4100f60.php:10
Stack trace:
#0 /home/ubuntu/workspace/storage/framework/views/a6a80cdbd639ddbc91e4b7095f7886dad4100f60.php(10): Illuminate\Foundation\Bootstrap\HandleExceptions->handleError(8, 'Undefined varia...', '/home/ubuntu/wo...', 10, Array)
#1 /home/ubuntu/workspace/vendor/laravel/framework/src/Illuminate/View/Engines/PhpEngine.php(42): include('/home/ubuntu/wo...')
#2 /home/ubuntu/workspace/vendor/laravel/framework/src/Illuminate/View/Engines/CompilerEngine.php(59): Illuminate\View\Engines\PhpEngine->evaluatePath('/home/ubuntu/wo...', Array)
#3 /home/ubuntu/workspace/vendor/laravel/framework/src/Illuminate/View/View.php(147): Illuminate\View\Engines\CompilerEngine->get('/home/ubuntu/wo...', Array)
#4 /home/ubuntu/workspace/vendor/laravel/framework/src/Illuminate/View/View.php(118): Illuminate\View\View->getContents()
#5 /home/ubuntu/workspace/v in /home/ubuntu/workspace/storage/framework/views/a6a80cdbd639ddbc91e4b7095f7886dad4100f60.php on line 10
[22-Apr-2016 06:30:53 UTC] PHP Stack trace:
[22-Apr-2016 06:30:53 UTC] PHP   1. {main}() /home/ubuntu/workspace/public/index.php:0
[22-Apr-2016 06:30:53 UTC] PHP   2. Illuminate\Foundation\Http\Kernel->handle() /home/ubuntu/workspace/public/index.php:54
[22-Apr-2016 06:30:53 UTC] PHP   3. Illuminate\Foundation\Http\Kernel->sendRequestThroughRouter() /home/ubuntu/workspace/vendor/laravel/framework/src/Illuminate/Foundation/Http/Kernel.php:99
[22-Apr-2016 06:30:53 UTC] PHP   4. Illuminate\Pipeline\Pipeline->then() /home/ubuntu/workspace/vendor/laravel/framework/src/Illuminate/Foundation/Http/Kernel.php:132
[22-Apr-2016 06:30:53 UTC] PHP   5. call_user_func:{/home/ubuntu/workspace/vendor/laravel/framework/src/Illuminate/Pipeline/Pipeline.php:103}() /home/ubuntu/workspace/vendor/laravel/framework/src/Illuminate/Pipeline/Pipeline.php:103
[22-Apr-2016 06:30:53 UTC] PHP   6. Illuminate\Routing\Pipeline->Illuminate\Routing\{closure}() /home/ubuntu/workspace/vendor/laravel/framework/src/Illuminate/Pipeline/Pipeline.php:103
[22-Apr-2016 06:30:53 UTC] PHP   7. call_user_func:{/home/ubuntu/workspace/vendor/laravel/framework/src/Illuminate/Routing/Pipeline.php:32}() /home/ubuntu/workspace/vendor/laravel/framework/src/Illuminate/Routing/Pipeline.php:32
[22-Apr-2016 06:30:53 UTC] PHP   8. Illuminate\Pipeline\Pipeline->Illuminate\Pipeline\{closure}() /home/ubuntu/workspace/vendor/laravel/framework/src/Illuminate/Routing/Pipeline.php:32
[22-Apr-2016 06:30:53 UTC] PHP   9. call_user_func_array:{/home/ubuntu/workspace/vendor/laravel/framework/src/Illuminate/Pipeline/Pipeline.php:124}() /home/ubuntu/workspace/vendor/laravel/framework/src/Illuminate/Pipeline/Pipeline.php:124
[22-Apr-2016 06:30:53 UTC] PHP  10. Illuminate\Foundation\Http\Middleware\CheckForMaintenanceMode->handle() /home/ubuntu/workspace/vendor/laravel/framework/src/Illuminate/Pipeline/Pipeline.php:124
[22-Apr-2016 06:30:53 UTC] PHP  11. Illuminate\Routing\Pipeline->Illuminate\Routing\{closure}() /home/ubuntu/workspace/vendor/laravel/framework/src/Illuminate/Foundation/Http/Middleware/CheckForMaintenanceMode.php:44
[22-Apr-2016 06:30:53 UTC] PHP  12. call_user_func:{/home/ubuntu/workspace/vendor/laravel/framework/src/Illuminate/Routing/Pipeline.php:52}() /home/ubuntu/workspace/vendor/laravel/framework/src/Illuminate/Routing/Pipeline.php:52
[22-Apr-2016 06:30:53 UTC] PHP  13. Illuminate\Foundation\Http\Kernel->Illuminate\Foundation\Http\{closure}() /home/ubuntu/workspace/vendor/laravel/framework/src/Illuminate/Routing/Pipeline.php:52
[22-Apr-2016 06:30:53 UTC] PHP  14. Illuminate\Routing\Router->dispatch() /home/ubuntu/workspace/vendor/laravel/framework/src/Illuminate/Foundation/Http/Kernel.php:246
[22-Apr-2016 06:30:53 UTC] PHP  15. Illuminate\Routing\Router->dispatchToRoute() /home/ubuntu/workspace/vendor/laravel/framework/src/Illuminate/Routing/Router.php:675
[22-Apr-2016 06:30:53 UTC] PHP  16. Illuminate\Routing\Router->runRouteWithinStack() /home/ubuntu/workspace/vendor/laravel/framework/src/Illuminate/Routing/Router.php:699
[22-Apr-2016 06:30:53 UTC] PHP  17. Illuminate\Pipeline\Pipeline->then() /home/ubuntu/workspace/vendor/laravel/framework/src/Illuminate/Routing/Router.php:726
[22-Apr-2016 06:30:53 UTC] PHP  18. call_user_func:{/home/ubuntu/workspace/vendor/laravel/framework/src/Illuminate/Pipeline/Pipeline.php:103}() /home/ubuntu/workspace/vendor/laravel/framework/src/Illuminate/Pipeline/Pipeline.php:103
[22-Apr-2016 06:30:53 UTC] PHP  19. Illuminate\Routing\Pipeline->Illuminate\Routing\{closure}() /home/ubuntu/workspace/vendor/laravel/framework/src/Illuminate/Pipeline/Pipeline.php:103
[22-Apr-2016 06:30:53 UTC] PHP  20. call_user_func:{/home/ubuntu/workspace/vendor/laravel/framework/src/Illuminate/Routing/Pipeline.php:32}() /home/ubuntu/workspace/vendor/laravel/framework/src/Illuminate/Routing/Pipeline.php:32
[22-Apr-2016 06:30:53 UTC] PHP  21. Illuminate\Pipeline\Pipeline->Illuminate\Pipeline\{closure}() /home/ubuntu/workspace/vendor/laravel/framework/src/Illuminate/Routing/Pipeline.php:32
[22-Apr-2016 06:30:53 UTC] PHP  22. call_user_func_array:{/home/ubuntu/workspace/vendor/laravel/framework/src/Illuminate/Pipeline/Pipeline.php:124}() /home/ubuntu/workspace/vendor/laravel/framework/src/Illuminate/Pipeline/Pipeline.php:124
[22-Apr-2016 06:30:53 UTC] PHP  23. Illuminate\Cookie\Middleware\EncryptCookies->handle() /home/ubuntu/workspace/vendor/laravel/framework/src/Illuminate/Pipeline/Pipeline.php:124
[22-Apr-2016 06:30:53 UTC] PHP  24. Illuminate\Routing\Pipeline->Illuminate\Routing\{closure}() /home/ubuntu/workspace/vendor/laravel/framework/src/Illuminate/Cookie/Middleware/EncryptCookies.php:59
[22-Apr-2016 06:30:53 UTC] PHP  25. call_user_func:{/home/ubuntu/workspace/vendor/laravel/framework/src/Illuminate/Routing/Pipeline.php:32}() /home/ubuntu/workspace/vendor/laravel/framework/src/Illuminate/Routing/Pipeline.php:32
[22-Apr-2016 06:30:53 UTC] PHP  26. Illuminate\Pipeline\Pipeline->Illuminate\Pipeline\{closure}() /home/ubuntu/workspace/vendor/laravel/framework/src/Illuminate/Routing/Pipeline.php:32
[22-Apr-2016 06:30:53 UTC] PHP  27. call_user_func_array:{/home/ubuntu/workspace/vendor/laravel/framework/src/Illuminate/Pipeline/Pipeline.php:124}() /home/ubuntu/workspace/vendor/laravel/framework/src/Illuminate/Pipeline/Pipeline.php:124
[22-Apr-2016 06:30:53 UTC] PHP  28. Illuminate\Cookie\Middleware\AddQueuedCookiesToResponse->handle() /home/ubuntu/workspace/vendor/laravel/framework/src/Illuminate/Pipeline/Pipeline.php:124
[22-Apr-2016 06:30:53 UTC] PHP  29. Illuminate\Routing\Pipeline->Illuminate\Routing\{closure}() /home/ubuntu/workspace/vendor/laravel/framework/src/Illuminate/Cookie/Middleware/AddQueuedCookiesToResponse.php:37
[22-Apr-2016 06:30:53 UTC] PHP  30. call_user_func:{/home/ubuntu/workspace/vendor/laravel/framework/src/Illuminate/Routing/Pipeline.php:32}() /home/ubuntu/workspace/vendor/laravel/framework/src/Illuminate/Routing/Pipeline.php:32
[22-Apr-2016 06:30:53 UTC] PHP  31. Illuminate\Pipeline\Pipeline->Illuminate\Pipeline\{closure}() /home/ubuntu/workspace/vendor/laravel/framework/src/Illuminate/Routing/Pipeline.php:32
[22-Apr-2016 06:30:53 UTC] PHP  32. call_user_func_array:{/home/ubuntu/workspace/vendor/laravel/framework/src/Illuminate/Pipeline/Pipeline.php:124}() /home/ubuntu/workspace/vendor/laravel/framework/src/Illuminate/Pipeline/Pipeline.php:124
[22-Apr-2016 06:30:53 UTC] PHP  33. Illuminate\Session\Middleware\StartSession->handle() /home/ubuntu/workspace/vendor/laravel/framework/src/Illuminate/Pipeline/Pipeline.php:124
[22-Apr-2016 06:30:53 UTC] PHP  34. Illuminate\Routing\Pipeline->Illuminate\Routing\{closure}() /home/ubuntu/workspace/vendor/laravel/framework/src/Illuminate/Session/Middleware/StartSession.php:62
[22-Apr-2016 06:30:53 UTC] PHP  35. call_user_func:{/home/ubuntu/workspace/vendor/laravel/framework/src/Illuminate/Routing/Pipeline.php:32}() /home/ubuntu/workspace/vendor/laravel/framework/src/Illuminate/Routing/Pipeline.php:32
[22-Apr-2016 06:30:53 UTC] PHP  36. Illuminate\Pipeline\Pipeline->Illuminate\Pipeline\{closure}() /home/ubuntu/workspace/vendor/laravel/framework/src/Illuminate/Routing/Pipeline.php:32
[22-Apr-2016 06:30:53 UTC] PHP  37. call_user_func_array:{/home/ubuntu/workspace/vendor/laravel/framework/src/Illuminate/Pipeline/Pipeline.php:124}() /home/ubuntu/workspace/vendor/laravel/framework/src/Illuminate/Pipeline/Pipeline.php:124
[22-Apr-2016 06:30:53 UTC] PHP  38. Illuminate\View\Middleware\ShareErrorsFromSession->handle() /home/ubuntu/workspace/vendor/laravel/framework/src/Illuminate/Pipeline/Pipeline.php:124
[22-Apr-2016 06:30:53 UTC] PHP  39. Illuminate\Routing\Pipeline->Illuminate\Routing\{closure}() /home/ubuntu/workspace/vendor/laravel/framework/src/Illuminate/View/Middleware/ShareErrorsFromSession.php:49
[22-Apr-2016 06:30:53 UTC] PHP  40. call_user_func:{/home/ubuntu/workspace/vendor/laravel/framework/src/Illuminate/Routing/Pipeline.php:32}() /home/ubuntu/workspace/vendor/laravel/framework/src/Illuminate/Routing/Pipeline.php:32
[22-Apr-2016 06:30:53 UTC] PHP  41. Illuminate\Pipeline\Pipeline->Illuminate\Pipeline\{closure}() /home/ubuntu/workspace/vendor/laravel/framework/src/Illuminate/Routing/Pipeline.php:32
[22-Apr-2016 06:30:53 UTC] PHP  42. call_user_func_array:{/home/ubuntu/workspace/vendor/laravel/framework/src/Illuminate/Pipeline/Pipeline.php:124}() /home/ubuntu/workspace/vendor/laravel/framework/src/Illuminate/Pipeline/Pipeline.php:124
[22-Apr-2016 06:30:53 UTC] PHP  43. Illuminate\Foundation\Http\Middleware\VerifyCsrfToken->handle() /home/ubuntu/workspace/vendor/laravel/framework/src/Illuminate/Pipeline/Pipeline.php:124
[22-Apr-2016 06:30:53 UTC] PHP  44. Illuminate\Routing\Pipeline->Illuminate\Routing\{closure}() /home/ubuntu/workspace/vendor/laravel/framework/src/Illuminate/Foundation/Http/Middleware/VerifyCsrfToken.php:64
[22-Apr-2016 06:30:53 UTC] PHP  45. call_user_func:{/home/ubuntu/workspace/vendor/laravel/framework/src/Illuminate/Routing/Pipeline.php:52}() /home/ubuntu/workspace/vendor/laravel/framework/src/Illuminate/Routing/Pipeline.php:52
[22-Apr-2016 06:30:53 UTC] PHP  46. Illuminate\Routing\Router->Illuminate\Routing\{closure}() /home/ubuntu/workspace/vendor/laravel/framework/src/Illuminate/Routing/Pipeline.php:52
[22-Apr-2016 06:30:53 UTC] PHP  47. Illuminate\Routing\Route->run() /home/ubuntu/workspace/vendor/laravel/framework/src/Illuminate/Routing/Router.php:724
[22-Apr-2016 06:30:53 UTC] PHP  48. Illuminate\Routing\Route->runController() /home/ubuntu/workspace/vendor/laravel/framework/src/Illuminate/Routing/Route.php:140
[22-Apr-2016 06:30:53 UTC] PHP  49. Illuminate\Routing\ControllerDispatcher->dispatch() /home/ubuntu/workspace/vendor/laravel/framework/src/Illuminate/Routing/Route.php:174
[22-Apr-2016 06:30:53 UTC] PHP  50. Illuminate\Routing\ControllerDispatcher->callWithinStack() /home/ubuntu/workspace/vendor/laravel/framework/src/Illuminate/Routing/ControllerDispatcher.php:54
[22-Apr-2016 06:30:53 UTC] PHP  51. Illuminate\Pipeline\Pipeline->then() /home/ubuntu/workspace/vendor/laravel/framework/src/Illuminate/Routing/ControllerDispatcher.php:96
[22-Apr-2016 06:30:53 UTC] PHP  52. call_user_func:{/home/ubuntu/workspace/vendor/laravel/framework/src/Illuminate/Pipeline/Pipeline.php:103}() /home/ubuntu/workspace/vendor/laravel/framework/src/Illuminate/Pipeline/Pipeline.php:103
[22-Apr-2016 06:30:53 UTC] PHP  53. Illuminate\Routing\Pipeline->Illuminate\Routing\{closure}() /home/ubuntu/workspace/vendor/laravel/framework/src/Illuminate/Pipeline/Pipeline.php:103
[22-Apr-2016 06:30:53 UTC] PHP  54. call_user_func:{/home/ubuntu/workspace/vendor/laravel/framework/src/Illuminate/Routing/Pipeline.php:52}() /home/ubuntu/workspace/vendor/laravel/framework/src/Illuminate/Routing/Pipeline.php:52
[22-Apr-2016 06:30:53 UTC] PHP  55. Illuminate\Routing\ControllerDispatcher->Illuminate\Routing\{closure}() /home/ubuntu/workspace/vendor/laravel/framework/src/Illuminate/Routing/Pipeline.php:52
[22-Apr-2016 06:30:53 UTC] PHP  56. Illuminate\Routing\Router->prepareResponse() /home/ubuntu/workspace/vendor/laravel/framework/src/Illuminate/Routing/ControllerDispatcher.php:95
[22-Apr-2016 06:30:53 UTC] PHP  57. Symfony\Component\HttpFoundation\Response->__construct() /home/ubuntu/workspace/vendor/laravel/framework/src/Illuminate/Routing/Router.php:1087
[22-Apr-2016 06:30:53 UTC] PHP  58. Illuminate\Http\Response->setContent() /home/ubuntu/workspace/vendor/symfony/http-foundation/Response.php:199
[22-Apr-2016 06:30:53 UTC] PHP  59. Illuminate\View\View->render() /home/ubuntu/workspace/vendor/laravel/framework/src/Illuminate/Http/Response.php:53
[22-Apr-2016 06:30:53 UTC] PHP  60. Illuminate\View\View->renderContents() /home/ubuntu/workspace/vendor/laravel/framework/src/Illuminate/View/View.php:83
[22-Apr-2016 06:30:53 UTC] PHP  61. Illuminate\View\View->getContents() /home/ubuntu/workspace/vendor/laravel/framework/src/Illuminate/View/View.php:118
[22-Apr-2016 06:30:53 UTC] PHP  62. Illuminate\View\Engines\CompilerEngine->get() /home/ubuntu/workspace/vendor/laravel/framework/src/Illuminate/View/View.php:147
[22-Apr-2016 06:30:53 UTC] PHP  63. Illuminate\View\Engines\PhpEngine->evaluatePath() /home/ubuntu/workspace/vendor/laravel/framework/src/Illuminate/View/Engines/CompilerEngine.php:59
[22-Apr-2016 06:30:53 UTC] PHP  64. include() /home/ubuntu/workspace/vendor/laravel/framework/src/Illuminate/View/Engines/PhpEngine.php:42
[22-Apr-2016 06:30:53 UTC] PHP Fatal error:  Cannot access empty property in /home/ubuntu/workspace/storage/framework/views/a6a80cdbd639ddbc91e4b7095f7886dad4100f60.php on line 10
[22-Apr-2016 06:30:53 UTC] PHP Stack trace:
[22-Apr-2016 06:30:53 UTC] PHP   1. {main}() /home/ubuntu/workspace/public/index.php:0
[22-Apr-2016 06:30:53 UTC] PHP   2. Illuminate\Foundation\Http\Kernel->handle() /home/ubuntu/workspace/public/index.php:54
[22-Apr-2016 06:30:53 UTC] PHP   3. Illuminate\Foundation\Http\Kernel->sendRequestThroughRouter() /home/ubuntu/workspace/vendor/laravel/framework/src/Illuminate/Foundation/Http/Kernel.php:99
[22-Apr-2016 06:30:53 UTC] PHP   4. Illuminate\Pipeline\Pipeline->then() /home/ubuntu/workspace/vendor/laravel/framework/src/Illuminate/Foundation/Http/Kernel.php:132
[22-Apr-2016 06:30:53 UTC] PHP   5. call_user_func:{/home/ubuntu/workspace/vendor/laravel/framework/src/Illuminate/Pipeline/Pipeline.php:103}() /home/ubuntu/workspace/vendor/laravel/framework/src/Illuminate/Pipeline/Pipeline.php:103
[22-Apr-2016 06:30:53 UTC] PHP   6. Illuminate\Routing\Pipeline->Illuminate\Routing\{closure}() /home/ubuntu/workspace/vendor/laravel/framework/src/Illuminate/Pipeline/Pipeline.php:103
[22-Apr-2016 06:30:53 UTC] PHP   7. call_user_func:{/home/ubuntu/workspace/vendor/laravel/framework/src/Illuminate/Routing/Pipeline.php:32}() /home/ubuntu/workspace/vendor/laravel/framework/src/Illuminate/Routing/Pipeline.php:32
[22-Apr-2016 06:30:53 UTC] PHP   8. Illuminate\Pipeline\Pipeline->Illuminate\Pipeline\{closure}() /home/ubuntu/workspace/vendor/laravel/framework/src/Illuminate/Routing/Pipeline.php:32
[22-Apr-2016 06:30:53 UTC] PHP   9. call_user_func_array:{/home/ubuntu/workspace/vendor/laravel/framework/src/Illuminate/Pipeline/Pipeline.php:124}() /home/ubuntu/workspace/vendor/laravel/framework/src/Illuminate/Pipeline/Pipeline.php:124
[22-Apr-2016 06:30:53 UTC] PHP  10. Illuminate\Foundation\Http\Middleware\CheckForMaintenanceMode->handle() /home/ubuntu/workspace/vendor/laravel/framework/src/Illuminate/Pipeline/Pipeline.php:124
[22-Apr-2016 06:30:53 UTC] PHP  11. Illuminate\Routing\Pipeline->Illuminate\Routing\{closure}() /home/ubuntu/workspace/vendor/laravel/framework/src/Illuminate/Foundation/Http/Middleware/CheckForMaintenanceMode.php:44
[22-Apr-2016 06:30:53 UTC] PHP  12. call_user_func:{/home/ubuntu/workspace/vendor/laravel/framework/src/Illuminate/Routing/Pipeline.php:52}() /home/ubuntu/workspace/vendor/laravel/framework/src/Illuminate/Routing/Pipeline.php:52
[22-Apr-2016 06:30:53 UTC] PHP  13. Illuminate\Foundation\Http\Kernel->Illuminate\Foundation\Http\{closure}() /home/ubuntu/workspace/vendor/laravel/framework/src/Illuminate/Routing/Pipeline.php:52
[22-Apr-2016 06:30:53 UTC] PHP  14. Illuminate\Routing\Router->dispatch() /home/ubuntu/workspace/vendor/laravel/framework/src/Illuminate/Foundation/Http/Kernel.php:246
[22-Apr-2016 06:30:53 UTC] PHP  15. Illuminate\Routing\Router->dispatchToRoute() /home/ubuntu/workspace/vendor/laravel/framework/src/Illuminate/Routing/Router.php:675
[22-Apr-2016 06:30:53 UTC] PHP  16. Illuminate\Routing\Router->runRouteWithinStack() /home/ubuntu/workspace/vendor/laravel/framework/src/Illuminate/Routing/Router.php:699
[22-Apr-2016 06:30:53 UTC] PHP  17. Illuminate\Pipeline\Pipeline->then() /home/ubuntu/workspace/vendor/laravel/framework/src/Illuminate/Routing/Router.php:726
[22-Apr-2016 06:30:53 UTC] PHP  18. call_user_func:{/home/ubuntu/workspace/vendor/laravel/framework/src/Illuminate/Pipeline/Pipeline.php:103}() /home/ubuntu/workspace/vendor/laravel/framework/src/Illuminate/Pipeline/Pipeline.php:103
[22-Apr-2016 06:30:53 UTC] PHP  19. Illuminate\Routing\Pipeline->Illuminate\Routing\{closure}() /home/ubuntu/workspace/vendor/laravel/framework/src/Illuminate/Pipeline/Pipeline.php:103
[22-Apr-2016 06:30:53 UTC] PHP  20. call_user_func:{/home/ubuntu/workspace/vendor/laravel/framework/src/Illuminate/Routing/Pipeline.php:32}() /home/ubuntu/workspace/vendor/laravel/framework/src/Illuminate/Routing/Pipeline.php:32
[22-Apr-2016 06:30:53 UTC] PHP  21. Illuminate\Pipeline\Pipeline->Illuminate\Pipeline\{closure}() /home/ubuntu/workspace/vendor/laravel/framework/src/Illuminate/Routing/Pipeline.php:32
[22-Apr-2016 06:30:53 UTC] PHP  22. call_user_func_array:{/home/ubuntu/workspace/vendor/laravel/framework/src/Illuminate/Pipeline/Pipeline.php:124}() /home/ubuntu/workspace/vendor/laravel/framework/src/Illuminate/Pipeline/Pipeline.php:124
[22-Apr-2016 06:30:53 UTC] PHP  23. Illuminate\Cookie\Middleware\EncryptCookies->handle() /home/ubuntu/workspace/vendor/laravel/framework/src/Illuminate/Pipeline/Pipeline.php:124
[22-Apr-2016 06:30:53 UTC] PHP  24. Illuminate\Routing\Pipeline->Illuminate\Routing\{closure}() /home/ubuntu/workspace/vendor/laravel/framework/src/Illuminate/Cookie/Middleware/EncryptCookies.php:59
[22-Apr-2016 06:30:53 UTC] PHP  25. call_user_func:{/home/ubuntu/workspace/vendor/laravel/framework/src/Illuminate/Routing/Pipeline.php:32}() /home/ubuntu/workspace/vendor/laravel/framework/src/Illuminate/Routing/Pipeline.php:32
[22-Apr-2016 06:30:53 UTC] PHP  26. Illuminate\Pipeline\Pipeline->Illuminate\Pipeline\{closure}() /home/ubuntu/workspace/vendor/laravel/framework/src/Illuminate/Routing/Pipeline.php:32
[22-Apr-2016 06:30:53 UTC] PHP  27. call_user_func_array:{/home/ubuntu/workspace/vendor/laravel/framework/src/Illuminate/Pipeline/Pipeline.php:124}() /home/ubuntu/workspace/vendor/laravel/framework/src/Illuminate/Pipeline/Pipeline.php:124
[22-Apr-2016 06:30:53 UTC] PHP  28. Illuminate\Cookie\Middleware\AddQueuedCookiesToResponse->handle() /home/ubuntu/workspace/vendor/laravel/framework/src/Illuminate/Pipeline/Pipeline.php:124
[22-Apr-2016 06:30:53 UTC] PHP  29. Illuminate\Routing\Pipeline->Illuminate\Routing\{closure}() /home/ubuntu/workspace/vendor/laravel/framework/src/Illuminate/Cookie/Middleware/AddQueuedCookiesToResponse.php:37
[22-Apr-2016 06:30:53 UTC] PHP  30. call_user_func:{/home/ubuntu/workspace/vendor/laravel/framework/src/Illuminate/Routing/Pipeline.php:32}() /home/ubuntu/workspace/vendor/laravel/framework/src/Illuminate/Routing/Pipeline.php:32
[22-Apr-2016 06:30:53 UTC] PHP  31. Illuminate\Pipeline\Pipeline->Illuminate\Pipeline\{closure}() /home/ubuntu/workspace/vendor/laravel/framework/src/Illuminate/Routing/Pipeline.php:32
[22-Apr-2016 06:30:53 UTC] PHP  32. call_user_func_array:{/home/ubuntu/workspace/vendor/laravel/framework/src/Illuminate/Pipeline/Pipeline.php:124}() /home/ubuntu/workspace/vendor/laravel/framework/src/Illuminate/Pipeline/Pipeline.php:124
[22-Apr-2016 06:30:53 UTC] PHP  33. Illuminate\Session\Middleware\StartSession->handle() /home/ubuntu/workspace/vendor/laravel/framework/src/Illuminate/Pipeline/Pipeline.php:124
[22-Apr-2016 06:30:53 UTC] PHP  34. Illuminate\Routing\Pipeline->Illuminate\Routing\{closure}() /home/ubuntu/workspace/vendor/laravel/framework/src/Illuminate/Session/Middleware/StartSession.php:62
[22-Apr-2016 06:30:53 UTC] PHP  35. call_user_func:{/home/ubuntu/workspace/vendor/laravel/framework/src/Illuminate/Routing/Pipeline.php:32}() /home/ubuntu/workspace/vendor/laravel/framework/src/Illuminate/Routing/Pipeline.php:32
[22-Apr-2016 06:30:53 UTC] PHP  36. Illuminate\Pipeline\Pipeline->Illuminate\Pipeline\{closure}() /home/ubuntu/workspace/vendor/laravel/framework/src/Illuminate/Routing/Pipeline.php:32
[22-Apr-2016 06:30:53 UTC] PHP  37. call_user_func_array:{/home/ubuntu/workspace/vendor/laravel/framework/src/Illuminate/Pipeline/Pipeline.php:124}() /home/ubuntu/workspace/vendor/laravel/framework/src/Illuminate/Pipeline/Pipeline.php:124
[22-Apr-2016 06:30:53 UTC] PHP  38. Illuminate\View\Middleware\ShareErrorsFromSession->handle() /home/ubuntu/workspace/vendor/laravel/framework/src/Illuminate/Pipeline/Pipeline.php:124
[22-Apr-2016 06:30:53 UTC] PHP  39. Illuminate\Routing\Pipeline->Illuminate\Routing\{closure}() /home/ubuntu/workspace/vendor/laravel/framework/src/Illuminate/View/Middleware/ShareErrorsFromSession.php:49
[22-Apr-2016 06:30:53 UTC] PHP  40. call_user_func:{/home/ubuntu/workspace/vendor/laravel/framework/src/Illuminate/Routing/Pipeline.php:32}() /home/ubuntu/workspace/vendor/laravel/framework/src/Illuminate/Routing/Pipeline.php:32
[22-Apr-2016 06:30:53 UTC] PHP  41. Illuminate\Pipeline\Pipeline->Illuminate\Pipeline\{closure}() /home/ubuntu/workspace/vendor/laravel/framework/src/Illuminate/Routing/Pipeline.php:32
[22-Apr-2016 06:30:53 UTC] PHP  42. call_user_func_array:{/home/ubuntu/workspace/vendor/laravel/framework/src/Illuminate/Pipeline/Pipeline.php:124}() /home/ubuntu/workspace/vendor/laravel/framework/src/Illuminate/Pipeline/Pipeline.php:124
[22-Apr-2016 06:30:53 UTC] PHP  43. Illuminate\Foundation\Http\Middleware\VerifyCsrfToken->handle() /home/ubuntu/workspace/vendor/laravel/framework/src/Illuminate/Pipeline/Pipeline.php:124
[22-Apr-2016 06:30:53 UTC] PHP  44. Illuminate\Routing\Pipeline->Illuminate\Routing\{closure}() /home/ubuntu/workspace/vendor/laravel/framework/src/Illuminate/Foundation/Http/Middleware/VerifyCsrfToken.php:64
[22-Apr-2016 06:30:53 UTC] PHP  45. call_user_func:{/home/ubuntu/workspace/vendor/laravel/framework/src/Illuminate/Routing/Pipeline.php:52}() /home/ubuntu/workspace/vendor/laravel/framework/src/Illuminate/Routing/Pipeline.php:52
[22-Apr-2016 06:30:53 UTC] PHP  46. Illuminate\Routing\Router->Illuminate\Routing\{closure}() /home/ubuntu/workspace/vendor/laravel/framework/src/Illuminate/Routing/Pipeline.php:52
[22-Apr-2016 06:30:53 UTC] PHP  47. Illuminate\Routing\Route->run() /home/ubuntu/workspace/vendor/laravel/framework/src/Illuminate/Routing/Router.php:724
[22-Apr-2016 06:30:53 UTC] PHP  48. Illuminate\Routing\Route->runController() /home/ubuntu/workspace/vendor/laravel/framework/src/Illuminate/Routing/Route.php:140
[22-Apr-2016 06:30:53 UTC] PHP  49. Illuminate\Routing\ControllerDispatcher->dispatch() /home/ubuntu/workspace/vendor/laravel/framework/src/Illuminate/Routing/Route.php:174
[22-Apr-2016 06:30:53 UTC] PHP  50. Illuminate\Routing\ControllerDispatcher->callWithinStack() /home/ubuntu/workspace/vendor/laravel/framework/src/Illuminate/Routing/ControllerDispatcher.php:54
[22-Apr-2016 06:30:53 UTC] PHP  51. Illuminate\Pipeline\Pipeline->then() /home/ubuntu/workspace/vendor/laravel/framework/src/Illuminate/Routing/ControllerDispatcher.php:96
[22-Apr-2016 06:30:53 UTC] PHP  52. call_user_func:{/home/ubuntu/workspace/vendor/laravel/framework/src/Illuminate/Pipeline/Pipeline.php:103}() /home/ubuntu/workspace/vendor/laravel/framework/src/Illuminate/Pipeline/Pipeline.php:103
[22-Apr-2016 06:30:53 UTC] PHP  53. Illuminate\Routing\Pipeline->Illuminate\Routing\{closure}() /home/ubuntu/workspace/vendor/laravel/framework/src/Illuminate/Pipeline/Pipeline.php:103
[22-Apr-2016 06:30:53 UTC] PHP  54. call_user_func:{/home/ubuntu/workspace/vendor/laravel/framework/src/Illuminate/Routing/Pipeline.php:52}() /home/ubuntu/workspace/vendor/laravel/framework/src/Illuminate/Routing/Pipeline.php:52
[22-Apr-2016 06:30:53 UTC] PHP  55. Illuminate\Routing\ControllerDispatcher->Illuminate\Routing\{closure}() /home/ubuntu/workspace/vendor/laravel/framework/src/Illuminate/Routing/Pipeline.php:52
[22-Apr-2016 06:30:53 UTC] PHP  56. Illuminate\Routing\Router->prepareResponse() /home/ubuntu/workspace/vendor/laravel/framework/src/Illuminate/Routing/ControllerDispatcher.php:95
[22-Apr-2016 06:30:53 UTC] PHP  57. Symfony\Component\HttpFoundation\Response->__construct() /home/ubuntu/workspace/vendor/laravel/framework/src/Illuminate/Routing/Router.php:1087
[22-Apr-2016 06:30:53 UTC] PHP  58. Illuminate\Http\Response->setContent() /home/ubuntu/workspace/vendor/symfony/http-foundation/Response.php:199
[22-Apr-2016 06:30:53 UTC] PHP  59. Illuminate\View\View->render() /home/ubuntu/workspace/vendor/laravel/framework/src/Illuminate/Http/Response.php:53
[22-Apr-2016 06:30:53 UTC] PHP  60. Illuminate\View\View->renderContents() /home/ubuntu/workspace/vendor/laravel/framework/src/Illuminate/View/View.php:83
[22-Apr-2016 06:30:53 UTC] PHP  61. Illuminate\View\View->getContents() /home/ubuntu/workspace/vendor/laravel/framework/src/Illuminate/View/View.php:118
[22-Apr-2016 06:30:53 UTC] PHP  62. Illuminate\View\Engines\CompilerEngine->get() /home/ubuntu/workspace/vendor/laravel/framework/src/Illuminate/View/View.php:147
[22-Apr-2016 06:30:53 UTC] PHP  63. Illuminate\View\Engines\PhpEngine->evaluatePath() /home/ubuntu/workspace/vendor/laravel/framework/src/Illuminate/View/Engines/CompilerEngine.php:59
[22-Apr-2016 06:30:53 UTC] PHP  64. include() /home/ubuntu/workspace/vendor/laravel/framework/src/Illuminate/View/Engines/PhpEngine.php:42
[22-Apr-2016 06:31:06 UTC] PHP Warning:  Uncaught exception 'ErrorException' with message 'Undefined variable: first' in /home/ubuntu/workspace/storage/framework/views/a6a80cdbd639ddbc91e4b7095f7886dad4100f60.php:10
Stack trace:
#0 /home/ubuntu/workspace/storage/framework/views/a6a80cdbd639ddbc91e4b7095f7886dad4100f60.php(10): Illuminate\Foundation\Bootstrap\HandleExceptions->handleError(8, 'Undefined varia...', '/home/ubuntu/wo...', 10, Array)
#1 /home/ubuntu/workspace/vendor/laravel/framework/src/Illuminate/View/Engines/PhpEngine.php(42): include('/home/ubuntu/wo...')
#2 /home/ubuntu/workspace/vendor/laravel/framework/src/Illuminate/View/Engines/CompilerEngine.php(59): Illuminate\View\Engines\PhpEngine->evaluatePath('/home/ubuntu/wo...', Array)
#3 /home/ubuntu/workspace/vendor/laravel/framework/src/Illuminate/View/View.php(147): Illuminate\View\Engines\CompilerEngine->get('/home/ubuntu/wo...', Array)
#4 /home/ubuntu/workspace/vendor/laravel/framework/src/Illuminate/View/View.php(118): Illuminate\View\View->getContents()
#5 /home/ubuntu/workspace/v in /home/ubuntu/workspace/storage/framework/views/a6a80cdbd639ddbc91e4b7095f7886dad4100f60.php on line 10
[22-Apr-2016 06:31:06 UTC] PHP Stack trace:
[22-Apr-2016 06:31:06 UTC] PHP   1. {main}() /home/ubuntu/workspace/public/index.php:0
[22-Apr-2016 06:31:06 UTC] PHP   2. Illuminate\Foundation\Http\Kernel->handle() /home/ubuntu/workspace/public/index.php:54
[22-Apr-2016 06:31:06 UTC] PHP   3. Illuminate\Foundation\Http\Kernel->sendRequestThroughRouter() /home/ubuntu/workspace/vendor/laravel/framework/src/Illuminate/Foundation/Http/Kernel.php:99
[22-Apr-2016 06:31:06 UTC] PHP   4. Illuminate\Pipeline\Pipeline->then() /home/ubuntu/workspace/vendor/laravel/framework/src/Illuminate/Foundation/Http/Kernel.php:132
[22-Apr-2016 06:31:06 UTC] PHP   5. call_user_func:{/home/ubuntu/workspace/vendor/laravel/framework/src/Illuminate/Pipeline/Pipeline.php:103}() /home/ubuntu/workspace/vendor/laravel/framework/src/Illuminate/Pipeline/Pipeline.php:103
[22-Apr-2016 06:31:06 UTC] PHP   6. Illuminate\Routing\Pipeline->Illuminate\Routing\{closure}() /home/ubuntu/workspace/vendor/laravel/framework/src/Illuminate/Pipeline/Pipeline.php:103
[22-Apr-2016 06:31:06 UTC] PHP   7. call_user_func:{/home/ubuntu/workspace/vendor/laravel/framework/src/Illuminate/Routing/Pipeline.php:32}() /home/ubuntu/workspace/vendor/laravel/framework/src/Illuminate/Routing/Pipeline.php:32
[22-Apr-2016 06:31:06 UTC] PHP   8. Illuminate\Pipeline\Pipeline->Illuminate\Pipeline\{closure}() /home/ubuntu/workspace/vendor/laravel/framework/src/Illuminate/Routing/Pipeline.php:32
[22-Apr-2016 06:31:06 UTC] PHP   9. call_user_func_array:{/home/ubuntu/workspace/vendor/laravel/framework/src/Illuminate/Pipeline/Pipeline.php:124}() /home/ubuntu/workspace/vendor/laravel/framework/src/Illuminate/Pipeline/Pipeline.php:124
[22-Apr-2016 06:31:06 UTC] PHP  10. Illuminate\Foundation\Http\Middleware\CheckForMaintenanceMode->handle() /home/ubuntu/workspace/vendor/laravel/framework/src/Illuminate/Pipeline/Pipeline.php:124
[22-Apr-2016 06:31:06 UTC] PHP  11. Illuminate\Routing\Pipeline->Illuminate\Routing\{closure}() /home/ubuntu/workspace/vendor/laravel/framework/src/Illuminate/Foundation/Http/Middleware/CheckForMaintenanceMode.php:44
[22-Apr-2016 06:31:06 UTC] PHP  12. call_user_func:{/home/ubuntu/workspace/vendor/laravel/framework/src/Illuminate/Routing/Pipeline.php:52}() /home/ubuntu/workspace/vendor/laravel/framework/src/Illuminate/Routing/Pipeline.php:52
[22-Apr-2016 06:31:06 UTC] PHP  13. Illuminate\Foundation\Http\Kernel->Illuminate\Foundation\Http\{closure}() /home/ubuntu/workspace/vendor/laravel/framework/src/Illuminate/Routing/Pipeline.php:52
[22-Apr-2016 06:31:06 UTC] PHP  14. Illuminate\Routing\Router->dispatch() /home/ubuntu/workspace/vendor/laravel/framework/src/Illuminate/Foundation/Http/Kernel.php:246
[22-Apr-2016 06:31:06 UTC] PHP  15. Illuminate\Routing\Router->dispatchToRoute() /home/ubuntu/workspace/vendor/laravel/framework/src/Illuminate/Routing/Router.php:675
[22-Apr-2016 06:31:06 UTC] PHP  16. Illuminate\Routing\Router->runRouteWithinStack() /home/ubuntu/workspace/vendor/laravel/framework/src/Illuminate/Routing/Router.php:699
[22-Apr-2016 06:31:06 UTC] PHP  17. Illuminate\Pipeline\Pipeline->then() /home/ubuntu/workspace/vendor/laravel/framework/src/Illuminate/Routing/Router.php:726
[22-Apr-2016 06:31:06 UTC] PHP  18. call_user_func:{/home/ubuntu/workspace/vendor/laravel/framework/src/Illuminate/Pipeline/Pipeline.php:103}() /home/ubuntu/workspace/vendor/laravel/framework/src/Illuminate/Pipeline/Pipeline.php:103
[22-Apr-2016 06:31:06 UTC] PHP  19. Illuminate\Routing\Pipeline->Illuminate\Routing\{closure}() /home/ubuntu/workspace/vendor/laravel/framework/src/Illuminate/Pipeline/Pipeline.php:103
[22-Apr-2016 06:31:06 UTC] PHP  20. call_user_func:{/home/ubuntu/workspace/vendor/laravel/framework/src/Illuminate/Routing/Pipeline.php:32}() /home/ubuntu/workspace/vendor/laravel/framework/src/Illuminate/Routing/Pipeline.php:32
[22-Apr-2016 06:31:06 UTC] PHP  21. Illuminate\Pipeline\Pipeline->Illuminate\Pipeline\{closure}() /home/ubuntu/workspace/vendor/laravel/framework/src/Illuminate/Routing/Pipeline.php:32
[22-Apr-2016 06:31:06 UTC] PHP  22. call_user_func_array:{/home/ubuntu/workspace/vendor/laravel/framework/src/Illuminate/Pipeline/Pipeline.php:124}() /home/ubuntu/workspace/vendor/laravel/framework/src/Illuminate/Pipeline/Pipeline.php:124
[22-Apr-2016 06:31:06 UTC] PHP  23. Illuminate\Cookie\Middleware\EncryptCookies->handle() /home/ubuntu/workspace/vendor/laravel/framework/src/Illuminate/Pipeline/Pipeline.php:124
[22-Apr-2016 06:31:06 UTC] PHP  24. Illuminate\Routing\Pipeline->Illuminate\Routing\{closure}() /home/ubuntu/workspace/vendor/laravel/framework/src/Illuminate/Cookie/Middleware/EncryptCookies.php:59
[22-Apr-2016 06:31:06 UTC] PHP  25. call_user_func:{/home/ubuntu/workspace/vendor/laravel/framework/src/Illuminate/Routing/Pipeline.php:32}() /home/ubuntu/workspace/vendor/laravel/framework/src/Illuminate/Routing/Pipeline.php:32
[22-Apr-2016 06:31:06 UTC] PHP  26. Illuminate\Pipeline\Pipeline->Illuminate\Pipeline\{closure}() /home/ubuntu/workspace/vendor/laravel/framework/src/Illuminate/Routing/Pipeline.php:32
[22-Apr-2016 06:31:06 UTC] PHP  27. call_user_func_array:{/home/ubuntu/workspace/vendor/laravel/framework/src/Illuminate/Pipeline/Pipeline.php:124}() /home/ubuntu/workspace/vendor/laravel/framework/src/Illuminate/Pipeline/Pipeline.php:124
[22-Apr-2016 06:31:06 UTC] PHP  28. Illuminate\Cookie\Middleware\AddQueuedCookiesToResponse->handle() /home/ubuntu/workspace/vendor/laravel/framework/src/Illuminate/Pipeline/Pipeline.php:124
[22-Apr-2016 06:31:06 UTC] PHP  29. Illuminate\Routing\Pipeline->Illuminate\Routing\{closure}() /home/ubuntu/workspace/vendor/laravel/framework/src/Illuminate/Cookie/Middleware/AddQueuedCookiesToResponse.php:37
[22-Apr-2016 06:31:06 UTC] PHP  30. call_user_func:{/home/ubuntu/workspace/vendor/laravel/framework/src/Illuminate/Routing/Pipeline.php:32}() /home/ubuntu/workspace/vendor/laravel/framework/src/Illuminate/Routing/Pipeline.php:32
[22-Apr-2016 06:31:06 UTC] PHP  31. Illuminate\Pipeline\Pipeline->Illuminate\Pipeline\{closure}() /home/ubuntu/workspace/vendor/laravel/framework/src/Illuminate/Routing/Pipeline.php:32
[22-Apr-2016 06:31:06 UTC] PHP  32. call_user_func_array:{/home/ubuntu/workspace/vendor/laravel/framework/src/Illuminate/Pipeline/Pipeline.php:124}() /home/ubuntu/workspace/vendor/laravel/framework/src/Illuminate/Pipeline/Pipeline.php:124
[22-Apr-2016 06:31:06 UTC] PHP  33. Illuminate\Session\Middleware\StartSession->handle() /home/ubuntu/workspace/vendor/laravel/framework/src/Illuminate/Pipeline/Pipeline.php:124
[22-Apr-2016 06:31:06 UTC] PHP  34. Illuminate\Routing\Pipeline->Illuminate\Routing\{closure}() /home/ubuntu/workspace/vendor/laravel/framework/src/Illuminate/Session/Middleware/StartSession.php:62
[22-Apr-2016 06:31:06 UTC] PHP  35. call_user_func:{/home/ubuntu/workspace/vendor/laravel/framework/src/Illuminate/Routing/Pipeline.php:32}() /home/ubuntu/workspace/vendor/laravel/framework/src/Illuminate/Routing/Pipeline.php:32
[22-Apr-2016 06:31:06 UTC] PHP  36. Illuminate\Pipeline\Pipeline->Illuminate\Pipeline\{closure}() /home/ubuntu/workspace/vendor/laravel/framework/src/Illuminate/Routing/Pipeline.php:32
[22-Apr-2016 06:31:06 UTC] PHP  37. call_user_func_array:{/home/ubuntu/workspace/vendor/laravel/framework/src/Illuminate/Pipeline/Pipeline.php:124}() /home/ubuntu/workspace/vendor/laravel/framework/src/Illuminate/Pipeline/Pipeline.php:124
[22-Apr-2016 06:31:06 UTC] PHP  38. Illuminate\View\Middleware\ShareErrorsFromSession->handle() /home/ubuntu/workspace/vendor/laravel/framework/src/Illuminate/Pipeline/Pipeline.php:124
[22-Apr-2016 06:31:06 UTC] PHP  39. Illuminate\Routing\Pipeline->Illuminate\Routing\{closure}() /home/ubuntu/workspace/vendor/laravel/framework/src/Illuminate/View/Middleware/ShareErrorsFromSession.php:49
[22-Apr-2016 06:31:06 UTC] PHP  40. call_user_func:{/home/ubuntu/workspace/vendor/laravel/framework/src/Illuminate/Routing/Pipeline.php:32}() /home/ubuntu/workspace/vendor/laravel/framework/src/Illuminate/Routing/Pipeline.php:32
[22-Apr-2016 06:31:06 UTC] PHP  41. Illuminate\Pipeline\Pipeline->Illuminate\Pipeline\{closure}() /home/ubuntu/workspace/vendor/laravel/framework/src/Illuminate/Routing/Pipeline.php:32
[22-Apr-2016 06:31:06 UTC] PHP  42. call_user_func_array:{/home/ubuntu/workspace/vendor/laravel/framework/src/Illuminate/Pipeline/Pipeline.php:124}() /home/ubuntu/workspace/vendor/laravel/framework/src/Illuminate/Pipeline/Pipeline.php:124
[22-Apr-2016 06:31:06 UTC] PHP  43. Illuminate\Foundation\Http\Middleware\VerifyCsrfToken->handle() /home/ubuntu/workspace/vendor/laravel/framework/src/Illuminate/Pipeline/Pipeline.php:124
[22-Apr-2016 06:31:06 UTC] PHP  44. Illuminate\Routing\Pipeline->Illuminate\Routing\{closure}() /home/ubuntu/workspace/vendor/laravel/framework/src/Illuminate/Foundation/Http/Middleware/VerifyCsrfToken.php:64
[22-Apr-2016 06:31:06 UTC] PHP  45. call_user_func:{/home/ubuntu/workspace/vendor/laravel/framework/src/Illuminate/Routing/Pipeline.php:52}() /home/ubuntu/workspace/vendor/laravel/framework/src/Illuminate/Routing/Pipeline.php:52
[22-Apr-2016 06:31:06 UTC] PHP  46. Illuminate\Routing\Router->Illuminate\Routing\{closure}() /home/ubuntu/workspace/vendor/laravel/framework/src/Illuminate/Routing/Pipeline.php:52
[22-Apr-2016 06:31:06 UTC] PHP  47. Illuminate\Routing\Route->run() /home/ubuntu/workspace/vendor/laravel/framework/src/Illuminate/Routing/Router.php:724
[22-Apr-2016 06:31:06 UTC] PHP  48. Illuminate\Routing\Route->runController() /home/ubuntu/workspace/vendor/laravel/framework/src/Illuminate/Routing/Route.php:140
[22-Apr-2016 06:31:06 UTC] PHP  49. Illuminate\Routing\ControllerDispatcher->dispatch() /home/ubuntu/workspace/vendor/laravel/framework/src/Illuminate/Routing/Route.php:174
[22-Apr-2016 06:31:06 UTC] PHP  50. Illuminate\Routing\ControllerDispatcher->callWithinStack() /home/ubuntu/workspace/vendor/laravel/framework/src/Illuminate/Routing/ControllerDispatcher.php:54
[22-Apr-2016 06:31:06 UTC] PHP  51. Illuminate\Pipeline\Pipeline->then() /home/ubuntu/workspace/vendor/laravel/framework/src/Illuminate/Routing/ControllerDispatcher.php:96
[22-Apr-2016 06:31:06 UTC] PHP  52. call_user_func:{/home/ubuntu/workspace/vendor/laravel/framework/src/Illuminate/Pipeline/Pipeline.php:103}() /home/ubuntu/workspace/vendor/laravel/framework/src/Illuminate/Pipeline/Pipeline.php:103
[22-Apr-2016 06:31:06 UTC] PHP  53. Illuminate\Routing\Pipeline->Illuminate\Routing\{closure}() /home/ubuntu/workspace/vendor/laravel/framework/src/Illuminate/Pipeline/Pipeline.php:103
[22-Apr-2016 06:31:06 UTC] PHP  54. call_user_func:{/home/ubuntu/workspace/vendor/laravel/framework/src/Illuminate/Routing/Pipeline.php:52}() /home/ubuntu/workspace/vendor/laravel/framework/src/Illuminate/Routing/Pipeline.php:52
[22-Apr-2016 06:31:06 UTC] PHP  55. Illuminate\Routing\ControllerDispatcher->Illuminate\Routing\{closure}() /home/ubuntu/workspace/vendor/laravel/framework/src/Illuminate/Routing/Pipeline.php:52
[22-Apr-2016 06:31:06 UTC] PHP  56. Illuminate\Routing\Router->prepareResponse() /home/ubuntu/workspace/vendor/laravel/framework/src/Illuminate/Routing/ControllerDispatcher.php:95
[22-Apr-2016 06:31:06 UTC] PHP  57. Symfony\Component\HttpFoundation\Response->__construct() /home/ubuntu/workspace/vendor/laravel/framework/src/Illuminate/Routing/Router.php:1087
[22-Apr-2016 06:31:06 UTC] PHP  58. Illuminate\Http\Response->setContent() /home/ubuntu/workspace/vendor/symfony/http-foundation/Response.php:199
[22-Apr-2016 06:31:06 UTC] PHP  59. Illuminate\View\View->render() /home/ubuntu/workspace/vendor/laravel/framework/src/Illuminate/Http/Response.php:53
[22-Apr-2016 06:31:06 UTC] PHP  60. Illuminate\View\View->renderContents() /home/ubuntu/workspace/vendor/laravel/framework/src/Illuminate/View/View.php:83
[22-Apr-2016 06:31:06 UTC] PHP  61. Illuminate\View\View->getContents() /home/ubuntu/workspace/vendor/laravel/framework/src/Illuminate/View/View.php:118
[22-Apr-2016 06:31:06 UTC] PHP  62. Illuminate\View\Engines\CompilerEngine->get() /home/ubuntu/workspace/vendor/laravel/framework/src/Illuminate/View/View.php:147
[22-Apr-2016 06:31:06 UTC] PHP  63. Illuminate\View\Engines\PhpEngine->evaluatePath() /home/ubuntu/workspace/vendor/laravel/framework/src/Illuminate/View/Engines/CompilerEngine.php:59
[22-Apr-2016 06:31:06 UTC] PHP  64. include() /home/ubuntu/workspace/vendor/laravel/framework/src/Illuminate/View/Engines/PhpEngine.php:42
[22-Apr-2016 06:31:06 UTC] PHP Fatal error:  Cannot access empty property in /home/ubuntu/workspace/storage/framework/views/a6a80cdbd639ddbc91e4b7095f7886dad4100f60.php on line 10
[22-Apr-2016 06:31:06 UTC] PHP Stack trace:
[22-Apr-2016 06:31:06 UTC] PHP   1. {main}() /home/ubuntu/workspace/public/index.php:0
[22-Apr-2016 06:31:06 UTC] PHP   2. Illuminate\Foundation\Http\Kernel->handle() /home/ubuntu/workspace/public/index.php:54
[22-Apr-2016 06:31:06 UTC] PHP   3. Illuminate\Foundation\Http\Kernel->sendRequestThroughRouter() /home/ubuntu/workspace/vendor/laravel/framework/src/Illuminate/Foundation/Http/Kernel.php:99
[22-Apr-2016 06:31:06 UTC] PHP   4. Illuminate\Pipeline\Pipeline->then() /home/ubuntu/workspace/vendor/laravel/framework/src/Illuminate/Foundation/Http/Kernel.php:132
[22-Apr-2016 06:31:06 UTC] PHP   5. call_user_func:{/home/ubuntu/workspace/vendor/laravel/framework/src/Illuminate/Pipeline/Pipeline.php:103}() /home/ubuntu/workspace/vendor/laravel/framework/src/Illuminate/Pipeline/Pipeline.php:103
[22-Apr-2016 06:31:06 UTC] PHP   6. Illuminate\Routing\Pipeline->Illuminate\Routing\{closure}() /home/ubuntu/workspace/vendor/laravel/framework/src/Illuminate/Pipeline/Pipeline.php:103
[22-Apr-2016 06:31:06 UTC] PHP   7. call_user_func:{/home/ubuntu/workspace/vendor/laravel/framework/src/Illuminate/Routing/Pipeline.php:32}() /home/ubuntu/workspace/vendor/laravel/framework/src/Illuminate/Routing/Pipeline.php:32
[22-Apr-2016 06:31:06 UTC] PHP   8. Illuminate\Pipeline\Pipeline->Illuminate\Pipeline\{closure}() /home/ubuntu/workspace/vendor/laravel/framework/src/Illuminate/Routing/Pipeline.php:32
[22-Apr-2016 06:31:06 UTC] PHP   9. call_user_func_array:{/home/ubuntu/workspace/vendor/laravel/framework/src/Illuminate/Pipeline/Pipeline.php:124}() /home/ubuntu/workspace/vendor/laravel/framework/src/Illuminate/Pipeline/Pipeline.php:124
[22-Apr-2016 06:31:06 UTC] PHP  10. Illuminate\Foundation\Http\Middleware\CheckForMaintenanceMode->handle() /home/ubuntu/workspace/vendor/laravel/framework/src/Illuminate/Pipeline/Pipeline.php:124
[22-Apr-2016 06:31:06 UTC] PHP  11. Illuminate\Routing\Pipeline->Illuminate\Routing\{closure}() /home/ubuntu/workspace/vendor/laravel/framework/src/Illuminate/Foundation/Http/Middleware/CheckForMaintenanceMode.php:44
[22-Apr-2016 06:31:06 UTC] PHP  12. call_user_func:{/home/ubuntu/workspace/vendor/laravel/framework/src/Illuminate/Routing/Pipeline.php:52}() /home/ubuntu/workspace/vendor/laravel/framework/src/Illuminate/Routing/Pipeline.php:52
[22-Apr-2016 06:31:06 UTC] PHP  13. Illuminate\Foundation\Http\Kernel->Illuminate\Foundation\Http\{closure}() /home/ubuntu/workspace/vendor/laravel/framework/src/Illuminate/Routing/Pipeline.php:52
[22-Apr-2016 06:31:06 UTC] PHP  14. Illuminate\Routing\Router->dispatch() /home/ubuntu/workspace/vendor/laravel/framework/src/Illuminate/Foundation/Http/Kernel.php:246
[22-Apr-2016 06:31:06 UTC] PHP  15. Illuminate\Routing\Router->dispatchToRoute() /home/ubuntu/workspace/vendor/laravel/framework/src/Illuminate/Routing/Router.php:675
[22-Apr-2016 06:31:06 UTC] PHP  16. Illuminate\Routing\Router->runRouteWithinStack() /home/ubuntu/workspace/vendor/laravel/framework/src/Illuminate/Routing/Router.php:699
[22-Apr-2016 06:31:06 UTC] PHP  17. Illuminate\Pipeline\Pipeline->then() /home/ubuntu/workspace/vendor/laravel/framework/src/Illuminate/Routing/Router.php:726
[22-Apr-2016 06:31:06 UTC] PHP  18. call_user_func:{/home/ubuntu/workspace/vendor/laravel/framework/src/Illuminate/Pipeline/Pipeline.php:103}() /home/ubuntu/workspace/vendor/laravel/framework/src/Illuminate/Pipeline/Pipeline.php:103
[22-Apr-2016 06:31:06 UTC] PHP  19. Illuminate\Routing\Pipeline->Illuminate\Routing\{closure}() /home/ubuntu/workspace/vendor/laravel/framework/src/Illuminate/Pipeline/Pipeline.php:103
[22-Apr-2016 06:31:06 UTC] PHP  20. call_user_func:{/home/ubuntu/workspace/vendor/laravel/framework/src/Illuminate/Routing/Pipeline.php:32}() /home/ubuntu/workspace/vendor/laravel/framework/src/Illuminate/Routing/Pipeline.php:32
[22-Apr-2016 06:31:06 UTC] PHP  21. Illuminate\Pipeline\Pipeline->Illuminate\Pipeline\{closure}() /home/ubuntu/workspace/vendor/laravel/framework/src/Illuminate/Routing/Pipeline.php:32
[22-Apr-2016 06:31:06 UTC] PHP  22. call_user_func_array:{/home/ubuntu/workspace/vendor/laravel/framework/src/Illuminate/Pipeline/Pipeline.php:124}() /home/ubuntu/workspace/vendor/laravel/framework/src/Illuminate/Pipeline/Pipeline.php:124
[22-Apr-2016 06:31:06 UTC] PHP  23. Illuminate\Cookie\Middleware\EncryptCookies->handle() /home/ubuntu/workspace/vendor/laravel/framework/src/Illuminate/Pipeline/Pipeline.php:124
[22-Apr-2016 06:31:06 UTC] PHP  24. Illuminate\Routing\Pipeline->Illuminate\Routing\{closure}() /home/ubuntu/workspace/vendor/laravel/framework/src/Illuminate/Cookie/Middleware/EncryptCookies.php:59
[22-Apr-2016 06:31:06 UTC] PHP  25. call_user_func:{/home/ubuntu/workspace/vendor/laravel/framework/src/Illuminate/Routing/Pipeline.php:32}() /home/ubuntu/workspace/vendor/laravel/framework/src/Illuminate/Routing/Pipeline.php:32
[22-Apr-2016 06:31:06 UTC] PHP  26. Illuminate\Pipeline\Pipeline->Illuminate\Pipeline\{closure}() /home/ubuntu/workspace/vendor/laravel/framework/src/Illuminate/Routing/Pipeline.php:32
[22-Apr-2016 06:31:06 UTC] PHP  27. call_user_func_array:{/home/ubuntu/workspace/vendor/laravel/framework/src/Illuminate/Pipeline/Pipeline.php:124}() /home/ubuntu/workspace/vendor/laravel/framework/src/Illuminate/Pipeline/Pipeline.php:124
[22-Apr-2016 06:31:06 UTC] PHP  28. Illuminate\Cookie\Middleware\AddQueuedCookiesToResponse->handle() /home/ubuntu/workspace/vendor/laravel/framework/src/Illuminate/Pipeline/Pipeline.php:124
[22-Apr-2016 06:31:06 UTC] PHP  29. Illuminate\Routing\Pipeline->Illuminate\Routing\{closure}() /home/ubuntu/workspace/vendor/laravel/framework/src/Illuminate/Cookie/Middleware/AddQueuedCookiesToResponse.php:37
[22-Apr-2016 06:31:06 UTC] PHP  30. call_user_func:{/home/ubuntu/workspace/vendor/laravel/framework/src/Illuminate/Routing/Pipeline.php:32}() /home/ubuntu/workspace/vendor/laravel/framework/src/Illuminate/Routing/Pipeline.php:32
[22-Apr-2016 06:31:06 UTC] PHP  31. Illuminate\Pipeline\Pipeline->Illuminate\Pipeline\{closure}() /home/ubuntu/workspace/vendor/laravel/framework/src/Illuminate/Routing/Pipeline.php:32
[22-Apr-2016 06:31:06 UTC] PHP  32. call_user_func_array:{/home/ubuntu/workspace/vendor/laravel/framework/src/Illuminate/Pipeline/Pipeline.php:124}() /home/ubuntu/workspace/vendor/laravel/framework/src/Illuminate/Pipeline/Pipeline.php:124
[22-Apr-2016 06:31:06 UTC] PHP  33. Illuminate\Session\Middleware\StartSession->handle() /home/ubuntu/workspace/vendor/laravel/framework/src/Illuminate/Pipeline/Pipeline.php:124
[22-Apr-2016 06:31:06 UTC] PHP  34. Illuminate\Routing\Pipeline->Illuminate\Routing\{closure}() /home/ubuntu/workspace/vendor/laravel/framework/src/Illuminate/Session/Middleware/StartSession.php:62
[22-Apr-2016 06:31:06 UTC] PHP  35. call_user_func:{/home/ubuntu/workspace/vendor/laravel/framework/src/Illuminate/Routing/Pipeline.php:32}() /home/ubuntu/workspace/vendor/laravel/framework/src/Illuminate/Routing/Pipeline.php:32
[22-Apr-2016 06:31:06 UTC] PHP  36. Illuminate\Pipeline\Pipeline->Illuminate\Pipeline\{closure}() /home/ubuntu/workspace/vendor/laravel/framework/src/Illuminate/Routing/Pipeline.php:32
[22-Apr-2016 06:31:06 UTC] PHP  37. call_user_func_array:{/home/ubuntu/workspace/vendor/laravel/framework/src/Illuminate/Pipeline/Pipeline.php:124}() /home/ubuntu/workspace/vendor/laravel/framework/src/Illuminate/Pipeline/Pipeline.php:124
[22-Apr-2016 06:31:06 UTC] PHP  38. Illuminate\View\Middleware\ShareErrorsFromSession->handle() /home/ubuntu/workspace/vendor/laravel/framework/src/Illuminate/Pipeline/Pipeline.php:124
[22-Apr-2016 06:31:06 UTC] PHP  39. Illuminate\Routing\Pipeline->Illuminate\Routing\{closure}() /home/ubuntu/workspace/vendor/laravel/framework/src/Illuminate/View/Middleware/ShareErrorsFromSession.php:49
[22-Apr-2016 06:31:06 UTC] PHP  40. call_user_func:{/home/ubuntu/workspace/vendor/laravel/framework/src/Illuminate/Routing/Pipeline.php:32}() /home/ubuntu/workspace/vendor/laravel/framework/src/Illuminate/Routing/Pipeline.php:32
[22-Apr-2016 06:31:06 UTC] PHP  41. Illuminate\Pipeline\Pipeline->Illuminate\Pipeline\{closure}() /home/ubuntu/workspace/vendor/laravel/framework/src/Illuminate/Routing/Pipeline.php:32
[22-Apr-2016 06:31:06 UTC] PHP  42. call_user_func_array:{/home/ubuntu/workspace/vendor/laravel/framework/src/Illuminate/Pipeline/Pipeline.php:124}() /home/ubuntu/workspace/vendor/laravel/framework/src/Illuminate/Pipeline/Pipeline.php:124
[22-Apr-2016 06:31:06 UTC] PHP  43. Illuminate\Foundation\Http\Middleware\VerifyCsrfToken->handle() /home/ubuntu/workspace/vendor/laravel/framework/src/Illuminate/Pipeline/Pipeline.php:124
[22-Apr-2016 06:31:06 UTC] PHP  44. Illuminate\Routing\Pipeline->Illuminate\Routing\{closure}() /home/ubuntu/workspace/vendor/laravel/framework/src/Illuminate/Foundation/Http/Middleware/VerifyCsrfToken.php:64
[22-Apr-2016 06:31:06 UTC] PHP  45. call_user_func:{/home/ubuntu/workspace/vendor/laravel/framework/src/Illuminate/Routing/Pipeline.php:52}() /home/ubuntu/workspace/vendor/laravel/framework/src/Illuminate/Routing/Pipeline.php:52
[22-Apr-2016 06:31:06 UTC] PHP  46. Illuminate\Routing\Router->Illuminate\Routing\{closure}() /home/ubuntu/workspace/vendor/laravel/framework/src/Illuminate/Routing/Pipeline.php:52
[22-Apr-2016 06:31:06 UTC] PHP  47. Illuminate\Routing\Route->run() /home/ubuntu/workspace/vendor/laravel/framework/src/Illuminate/Routing/Router.php:724
[22-Apr-2016 06:31:06 UTC] PHP  48. Illuminate\Routing\Route->runController() /home/ubuntu/workspace/vendor/laravel/framework/src/Illuminate/Routing/Route.php:140
[22-Apr-2016 06:31:06 UTC] PHP  49. Illuminate\Routing\ControllerDispatcher->dispatch() /home/ubuntu/workspace/vendor/laravel/framework/src/Illuminate/Routing/Route.php:174
[22-Apr-2016 06:31:06 UTC] PHP  50. Illuminate\Routing\ControllerDispatcher->callWithinStack() /home/ubuntu/workspace/vendor/laravel/framework/src/Illuminate/Routing/ControllerDispatcher.php:54
[22-Apr-2016 06:31:06 UTC] PHP  51. Illuminate\Pipeline\Pipeline->then() /home/ubuntu/workspace/vendor/laravel/framework/src/Illuminate/Routing/ControllerDispatcher.php:96
[22-Apr-2016 06:31:06 UTC] PHP  52. call_user_func:{/home/ubuntu/workspace/vendor/laravel/framework/src/Illuminate/Pipeline/Pipeline.php:103}() /home/ubuntu/workspace/vendor/laravel/framework/src/Illuminate/Pipeline/Pipeline.php:103
[22-Apr-2016 06:31:06 UTC] PHP  53. Illuminate\Routing\Pipeline->Illuminate\Routing\{closure}() /home/ubuntu/workspace/vendor/laravel/framework/src/Illuminate/Pipeline/Pipeline.php:103
[22-Apr-2016 06:31:06 UTC] PHP  54. call_user_func:{/home/ubuntu/workspace/vendor/laravel/framework/src/Illuminate/Routing/Pipeline.php:52}() /home/ubuntu/workspace/vendor/laravel/framework/src/Illuminate/Routing/Pipeline.php:52
[22-Apr-2016 06:31:06 UTC] PHP  55. Illuminate\Routing\ControllerDispatcher->Illuminate\Routing\{closure}() /home/ubuntu/workspace/vendor/laravel/framework/src/Illuminate/Routing/Pipeline.php:52
[22-Apr-2016 06:31:06 UTC] PHP  56. Illuminate\Routing\Router->prepareResponse() /home/ubuntu/workspace/vendor/laravel/framework/src/Illuminate/Routing/ControllerDispatcher.php:95
[22-Apr-2016 06:31:06 UTC] PHP  57. Symfony\Component\HttpFoundation\Response->__construct() /home/ubuntu/workspace/vendor/laravel/framework/src/Illuminate/Routing/Router.php:1087
[22-Apr-2016 06:31:06 UTC] PHP  58. Illuminate\Http\Response->setContent() /home/ubuntu/workspace/vendor/symfony/http-foundation/Response.php:199
[22-Apr-2016 06:31:06 UTC] PHP  59. Illuminate\View\View->render() /home/ubuntu/workspace/vendor/laravel/framework/src/Illuminate/Http/Response.php:53
[22-Apr-2016 06:31:06 UTC] PHP  60. Illuminate\View\View->renderContents() /home/ubuntu/workspace/vendor/laravel/framework/src/Illuminate/View/View.php:83
[22-Apr-2016 06:31:06 UTC] PHP  61. Illuminate\View\View->getContents() /home/ubuntu/workspace/vendor/laravel/framework/src/Illuminate/View/View.php:118
[22-Apr-2016 06:31:06 UTC] PHP  62. Illuminate\View\Engines\CompilerEngine->get() /home/ubuntu/workspace/vendor/laravel/framework/src/Illuminate/View/View.php:147
[22-Apr-2016 06:31:06 UTC] PHP  63. Illuminate\View\Engines\PhpEngine->evaluatePath() /home/ubuntu/workspace/vendor/laravel/framework/src/Illuminate/View/Engines/CompilerEngine.php:59
[22-Apr-2016 06:31:06 UTC] PHP  64. include() /home/ubuntu/workspace/vendor/laravel/framework/src/Illuminate/View/Engines/PhpEngine.php:42
[23-Apr-2016 09:39:03 UTC] PHP Parse error:  syntax error, unexpected 'return' (T_RETURN) in /home/ubuntu/workspace/app/Http/Controllers/PagesController.php on line 50
[23-Apr-2016 09:39:03 UTC] PHP Stack trace:
[23-Apr-2016 09:39:03 UTC] PHP   1. {main}() /home/ubuntu/workspace/public/index.php:0
[23-Apr-2016 09:39:03 UTC] PHP   2. Illuminate\Foundation\Http\Kernel->handle() /home/ubuntu/workspace/public/index.php:54
[23-Apr-2016 09:39:03 UTC] PHP   3. Illuminate\Foundation\Http\Kernel->sendRequestThroughRouter() /home/ubuntu/workspace/vendor/laravel/framework/src/Illuminate/Foundation/Http/Kernel.php:99
[23-Apr-2016 09:39:03 UTC] PHP   4. Illuminate\Pipeline\Pipeline->then() /home/ubuntu/workspace/vendor/laravel/framework/src/Illuminate/Foundation/Http/Kernel.php:132
[23-Apr-2016 09:39:03 UTC] PHP   5. call_user_func:{/home/ubuntu/workspace/vendor/laravel/framework/src/Illuminate/Pipeline/Pipeline.php:103}() /home/ubuntu/workspace/vendor/laravel/framework/src/Illuminate/Pipeline/Pipeline.php:103
[23-Apr-2016 09:39:03 UTC] PHP   6. Illuminate\Routing\Pipeline->Illuminate\Routing\{closure}() /home/ubuntu/workspace/vendor/laravel/framework/src/Illuminate/Pipeline/Pipeline.php:103
[23-Apr-2016 09:39:03 UTC] PHP   7. call_user_func:{/home/ubuntu/workspace/vendor/laravel/framework/src/Illuminate/Routing/Pipeline.php:32}() /home/ubuntu/workspace/vendor/laravel/framework/src/Illuminate/Routing/Pipeline.php:32
[23-Apr-2016 09:39:03 UTC] PHP   8. Illuminate\Pipeline\Pipeline->Illuminate\Pipeline\{closure}() /home/ubuntu/workspace/vendor/laravel/framework/src/Illuminate/Routing/Pipeline.php:32
[23-Apr-2016 09:39:03 UTC] PHP   9. call_user_func_array:{/home/ubuntu/workspace/vendor/laravel/framework/src/Illuminate/Pipeline/Pipeline.php:124}() /home/ubuntu/workspace/vendor/laravel/framework/src/Illuminate/Pipeline/Pipeline.php:124
[23-Apr-2016 09:39:03 UTC] PHP  10. Illuminate\Foundation\Http\Middleware\CheckForMaintenanceMode->handle() /home/ubuntu/workspace/vendor/laravel/framework/src/Illuminate/Pipeline/Pipeline.php:124
[23-Apr-2016 09:39:03 UTC] PHP  11. Illuminate\Routing\Pipeline->Illuminate\Routing\{closure}() /home/ubuntu/workspace/vendor/laravel/framework/src/Illuminate/Foundation/Http/Middleware/CheckForMaintenanceMode.php:44
[23-Apr-2016 09:39:03 UTC] PHP  12. call_user_func:{/home/ubuntu/workspace/vendor/laravel/framework/src/Illuminate/Routing/Pipeline.php:52}() /home/ubuntu/workspace/vendor/laravel/framework/src/Illuminate/Routing/Pipeline.php:52
[23-Apr-2016 09:39:03 UTC] PHP  13. Illuminate\Foundation\Http\Kernel->Illuminate\Foundation\Http\{closure}() /home/ubuntu/workspace/vendor/laravel/framework/src/Illuminate/Routing/Pipeline.php:52
[23-Apr-2016 09:39:03 UTC] PHP  14. Illuminate\Routing\Router->dispatch() /home/ubuntu/workspace/vendor/laravel/framework/src/Illuminate/Foundation/Http/Kernel.php:246
[23-Apr-2016 09:39:03 UTC] PHP  15. Illuminate\Routing\Router->dispatchToRoute() /home/ubuntu/workspace/vendor/laravel/framework/src/Illuminate/Routing/Router.php:675
[23-Apr-2016 09:39:03 UTC] PHP  16. Illuminate\Routing\Router->findRoute() /home/ubuntu/workspace/vendor/laravel/framework/src/Illuminate/Routing/Router.php:691
[23-Apr-2016 09:39:03 UTC] PHP  17. Illuminate\Routing\Router->substituteBindings() /home/ubuntu/workspace/vendor/laravel/framework/src/Illuminate/Routing/Router.php:827
[23-Apr-2016 09:39:03 UTC] PHP  18. Illuminate\Routing\Router->substituteImplicitBindings() /home/ubuntu/workspace/vendor/laravel/framework/src/Illuminate/Routing/Router.php:844
[23-Apr-2016 09:39:03 UTC] PHP  19. Illuminate\Routing\Route->signatureParameters() /home/ubuntu/workspace/vendor/laravel/framework/src/Illuminate/Routing/Router.php:859
[23-Apr-2016 09:39:03 UTC] PHP  20. ReflectionMethod->__construct() /home/ubuntu/workspace/vendor/laravel/framework/src/Illuminate/Routing/Route.php:279
[23-Apr-2016 09:39:03 UTC] PHP  21. spl_autoload_call() /home/ubuntu/workspace/vendor/laravel/framework/src/Illuminate/Routing/Route.php:279
[23-Apr-2016 09:39:03 UTC] PHP  22. Composer\Autoload\ClassLoader->loadClass() /home/ubuntu/workspace/vendor/laravel/framework/src/Illuminate/Routing/Route.php:279
[23-Apr-2016 09:39:03 UTC] PHP  23. Composer\Autoload\includeFile() /home/ubuntu/workspace/vendor/composer/ClassLoader.php:301
[23-Apr-2016 09:39:17 UTC] PHP Parse error:  syntax error, unexpected 'return' (T_RETURN) in /home/ubuntu/workspace/app/Http/Controllers/PagesController.php on line 50
[23-Apr-2016 09:39:17 UTC] PHP Stack trace:
[23-Apr-2016 09:39:17 UTC] PHP   1. {main}() /home/ubuntu/workspace/public/index.php:0
[23-Apr-2016 09:39:17 UTC] PHP   2. Illuminate\Foundation\Http\Kernel->handle() /home/ubuntu/workspace/public/index.php:54
[23-Apr-2016 09:39:17 UTC] PHP   3. Illuminate\Foundation\Http\Kernel->sendRequestThroughRouter() /home/ubuntu/workspace/vendor/laravel/framework/src/Illuminate/Foundation/Http/Kernel.php:99
[23-Apr-2016 09:39:17 UTC] PHP   4. Illuminate\Pipeline\Pipeline->then() /home/ubuntu/workspace/vendor/laravel/framework/src/Illuminate/Foundation/Http/Kernel.php:132
[23-Apr-2016 09:39:17 UTC] PHP   5. call_user_func:{/home/ubuntu/workspace/vendor/laravel/framework/src/Illuminate/Pipeline/Pipeline.php:103}() /home/ubuntu/workspace/vendor/laravel/framework/src/Illuminate/Pipeline/Pipeline.php:103
[23-Apr-2016 09:39:17 UTC] PHP   6. Illuminate\Routing\Pipeline->Illuminate\Routing\{closure}() /home/ubuntu/workspace/vendor/laravel/framework/src/Illuminate/Pipeline/Pipeline.php:103
[23-Apr-2016 09:39:17 UTC] PHP   7. call_user_func:{/home/ubuntu/workspace/vendor/laravel/framework/src/Illuminate/Routing/Pipeline.php:32}() /home/ubuntu/workspace/vendor/laravel/framework/src/Illuminate/Routing/Pipeline.php:32
[23-Apr-2016 09:39:17 UTC] PHP   8. Illuminate\Pipeline\Pipeline->Illuminate\Pipeline\{closure}() /home/ubuntu/workspace/vendor/laravel/framework/src/Illuminate/Routing/Pipeline.php:32
[23-Apr-2016 09:39:17 UTC] PHP   9. call_user_func_array:{/home/ubuntu/workspace/vendor/laravel/framework/src/Illuminate/Pipeline/Pipeline.php:124}() /home/ubuntu/workspace/vendor/laravel/framework/src/Illuminate/Pipeline/Pipeline.php:124
[23-Apr-2016 09:39:17 UTC] PHP  10. Illuminate\Foundation\Http\Middleware\CheckForMaintenanceMode->handle() /home/ubuntu/workspace/vendor/laravel/framework/src/Illuminate/Pipeline/Pipeline.php:124
[23-Apr-2016 09:39:17 UTC] PHP  11. Illuminate\Routing\Pipeline->Illuminate\Routing\{closure}() /home/ubuntu/workspace/vendor/laravel/framework/src/Illuminate/Foundation/Http/Middleware/CheckForMaintenanceMode.php:44
[23-Apr-2016 09:39:17 UTC] PHP  12. call_user_func:{/home/ubuntu/workspace/vendor/laravel/framework/src/Illuminate/Routing/Pipeline.php:52}() /home/ubuntu/workspace/vendor/laravel/framework/src/Illuminate/Routing/Pipeline.php:52
[23-Apr-2016 09:39:17 UTC] PHP  13. Illuminate\Foundation\Http\Kernel->Illuminate\Foundation\Http\{closure}() /home/ubuntu/workspace/vendor/laravel/framework/src/Illuminate/Routing/Pipeline.php:52
[23-Apr-2016 09:39:17 UTC] PHP  14. Illuminate\Routing\Router->dispatch() /home/ubuntu/workspace/vendor/laravel/framework/src/Illuminate/Foundation/Http/Kernel.php:246
[23-Apr-2016 09:39:17 UTC] PHP  15. Illuminate\Routing\Router->dispatchToRoute() /home/ubuntu/workspace/vendor/laravel/framework/src/Illuminate/Routing/Router.php:675
[23-Apr-2016 09:39:17 UTC] PHP  16. Illuminate\Routing\Router->findRoute() /home/ubuntu/workspace/vendor/laravel/framework/src/Illuminate/Routing/Router.php:691
[23-Apr-2016 09:39:17 UTC] PHP  17. Illuminate\Routing\Router->substituteBindings() /home/ubuntu/workspace/vendor/laravel/framework/src/Illuminate/Routing/Router.php:827
[23-Apr-2016 09:39:17 UTC] PHP  18. Illuminate\Routing\Router->substituteImplicitBindings() /home/ubuntu/workspace/vendor/laravel/framework/src/Illuminate/Routing/Router.php:844
[23-Apr-2016 09:39:17 UTC] PHP  19. Illuminate\Routing\Route->signatureParameters() /home/ubuntu/workspace/vendor/laravel/framework/src/Illuminate/Routing/Router.php:859
[23-Apr-2016 09:39:17 UTC] PHP  20. ReflectionMethod->__construct() /home/ubuntu/workspace/vendor/laravel/framework/src/Illuminate/Routing/Route.php:279
[23-Apr-2016 09:39:17 UTC] PHP  21. spl_autoload_call() /home/ubuntu/workspace/vendor/laravel/framework/src/Illuminate/Routing/Route.php:279
[23-Apr-2016 09:39:17 UTC] PHP  22. Composer\Autoload\ClassLoader->loadClass() /home/ubuntu/workspace/vendor/laravel/framework/src/Illuminate/Routing/Route.php:279
[23-Apr-2016 09:39:17 UTC] PHP  23. Composer\Autoload\includeFile() /home/ubuntu/workspace/vendor/composer/ClassLoader.php:301
[26-Apr-2016 08:20:39 UTC] PHP Parse error:  syntax error, unexpected 'class' (T_CLASS), expecting ',' or ';' in /home/ubuntu/workspace/app/Http/Controllers/ArticlesController.php on line 11
[26-Apr-2016 08:20:39 UTC] PHP Stack trace:
[26-Apr-2016 08:20:39 UTC] PHP   1. {main}() /home/ubuntu/workspace/public/index.php:0
[26-Apr-2016 08:20:39 UTC] PHP   2. Illuminate\Foundation\Http\Kernel->handle() /home/ubuntu/workspace/public/index.php:54
[26-Apr-2016 08:20:39 UTC] PHP   3. Illuminate\Foundation\Http\Kernel->sendRequestThroughRouter() /home/ubuntu/workspace/vendor/laravel/framework/src/Illuminate/Foundation/Http/Kernel.php:99
[26-Apr-2016 08:20:39 UTC] PHP   4. Illuminate\Pipeline\Pipeline->then() /home/ubuntu/workspace/vendor/laravel/framework/src/Illuminate/Foundation/Http/Kernel.php:132
[26-Apr-2016 08:20:39 UTC] PHP   5. call_user_func:{/home/ubuntu/workspace/vendor/laravel/framework/src/Illuminate/Pipeline/Pipeline.php:103}() /home/ubuntu/workspace/vendor/laravel/framework/src/Illuminate/Pipeline/Pipeline.php:103
[26-Apr-2016 08:20:39 UTC] PHP   6. Illuminate\Routing\Pipeline->Illuminate\Routing\{closure}() /home/ubuntu/workspace/vendor/laravel/framework/src/Illuminate/Pipeline/Pipeline.php:103
[26-Apr-2016 08:20:39 UTC] PHP   7. call_user_func:{/home/ubuntu/workspace/vendor/laravel/framework/src/Illuminate/Routing/Pipeline.php:32}() /home/ubuntu/workspace/vendor/laravel/framework/src/Illuminate/Routing/Pipeline.php:32
[26-Apr-2016 08:20:39 UTC] PHP   8. Illuminate\Pipeline\Pipeline->Illuminate\Pipeline\{closure}() /home/ubuntu/workspace/vendor/laravel/framework/src/Illuminate/Routing/Pipeline.php:32
[26-Apr-2016 08:20:39 UTC] PHP   9. call_user_func_array:{/home/ubuntu/workspace/vendor/laravel/framework/src/Illuminate/Pipeline/Pipeline.php:124}() /home/ubuntu/workspace/vendor/laravel/framework/src/Illuminate/Pipeline/Pipeline.php:124
[26-Apr-2016 08:20:39 UTC] PHP  10. Illuminate\Foundation\Http\Middleware\CheckForMaintenanceMode->handle() /home/ubuntu/workspace/vendor/laravel/framework/src/Illuminate/Pipeline/Pipeline.php:124
[26-Apr-2016 08:20:39 UTC] PHP  11. Illuminate\Routing\Pipeline->Illuminate\Routing\{closure}() /home/ubuntu/workspace/vendor/laravel/framework/src/Illuminate/Foundation/Http/Middleware/CheckForMaintenanceMode.php:44
[26-Apr-2016 08:20:39 UTC] PHP  12. call_user_func:{/home/ubuntu/workspace/vendor/laravel/framework/src/Illuminate/Routing/Pipeline.php:52}() /home/ubuntu/workspace/vendor/laravel/framework/src/Illuminate/Routing/Pipeline.php:52
[26-Apr-2016 08:20:39 UTC] PHP  13. Illuminate\Foundation\Http\Kernel->Illuminate\Foundation\Http\{closure}() /home/ubuntu/workspace/vendor/laravel/framework/src/Illuminate/Routing/Pipeline.php:52
[26-Apr-2016 08:20:39 UTC] PHP  14. Illuminate\Routing\Router->dispatch() /home/ubuntu/workspace/vendor/laravel/framework/src/Illuminate/Foundation/Http/Kernel.php:246
[26-Apr-2016 08:20:39 UTC] PHP  15. Illuminate\Routing\Router->dispatchToRoute() /home/ubuntu/workspace/vendor/laravel/framework/src/Illuminate/Routing/Router.php:675
[26-Apr-2016 08:20:39 UTC] PHP  16. Illuminate\Routing\Router->findRoute() /home/ubuntu/workspace/vendor/laravel/framework/src/Illuminate/Routing/Router.php:691
[26-Apr-2016 08:20:39 UTC] PHP  17. Illuminate\Routing\Router->substituteBindings() /home/ubuntu/workspace/vendor/laravel/framework/src/Illuminate/Routing/Router.php:827
[26-Apr-2016 08:20:39 UTC] PHP  18. Illuminate\Routing\Router->substituteImplicitBindings() /home/ubuntu/workspace/vendor/laravel/framework/src/Illuminate/Routing/Router.php:844
[26-Apr-2016 08:20:39 UTC] PHP  19. Illuminate\Routing\Route->signatureParameters() /home/ubuntu/workspace/vendor/laravel/framework/src/Illuminate/Routing/Router.php:859
[26-Apr-2016 08:20:39 UTC] PHP  20. ReflectionMethod->__construct() /home/ubuntu/workspace/vendor/laravel/framework/src/Illuminate/Routing/Route.php:279
[26-Apr-2016 08:20:39 UTC] PHP  21. spl_autoload_call() /home/ubuntu/workspace/vendor/laravel/framework/src/Illuminate/Routing/Route.php:279
[26-Apr-2016 08:20:39 UTC] PHP  22. Composer\Autoload\ClassLoader->loadClass() /home/ubuntu/workspace/vendor/laravel/framework/src/Illuminate/Routing/Route.php:279
[26-Apr-2016 08:20:39 UTC] PHP  23. Composer\Autoload\includeFile() /home/ubuntu/workspace/vendor/composer/ClassLoader.php:301
[26-Apr-2016 08:20:46 UTC] PHP Parse error:  syntax error, unexpected 'class' (T_CLASS), expecting ',' or ';' in /home/ubuntu/workspace/app/Http/Controllers/ArticlesController.php on line 11
[26-Apr-2016 08:20:46 UTC] PHP Stack trace:
[26-Apr-2016 08:20:46 UTC] PHP   1. {main}() /home/ubuntu/workspace/public/index.php:0
[26-Apr-2016 08:20:46 UTC] PHP   2. Illuminate\Foundation\Http\Kernel->handle() /home/ubuntu/workspace/public/index.php:54
[26-Apr-2016 08:20:46 UTC] PHP   3. Illuminate\Foundation\Http\Kernel->sendRequestThroughRouter() /home/ubuntu/workspace/vendor/laravel/framework/src/Illuminate/Foundation/Http/Kernel.php:99
[26-Apr-2016 08:20:46 UTC] PHP   4. Illuminate\Pipeline\Pipeline->then() /home/ubuntu/workspace/vendor/laravel/framework/src/Illuminate/Foundation/Http/Kernel.php:132
[26-Apr-2016 08:20:46 UTC] PHP   5. call_user_func:{/home/ubuntu/workspace/vendor/laravel/framework/src/Illuminate/Pipeline/Pipeline.php:103}() /home/ubuntu/workspace/vendor/laravel/framework/src/Illuminate/Pipeline/Pipeline.php:103
[26-Apr-2016 08:20:46 UTC] PHP   6. Illuminate\Routing\Pipeline->Illuminate\Routing\{closure}() /home/ubuntu/workspace/vendor/laravel/framework/src/Illuminate/Pipeline/Pipeline.php:103
[26-Apr-2016 08:20:46 UTC] PHP   7. call_user_func:{/home/ubuntu/workspace/vendor/laravel/framework/src/Illuminate/Routing/Pipeline.php:32}() /home/ubuntu/workspace/vendor/laravel/framework/src/Illuminate/Routing/Pipeline.php:32
[26-Apr-2016 08:20:46 UTC] PHP   8. Illuminate\Pipeline\Pipeline->Illuminate\Pipeline\{closure}() /home/ubuntu/workspace/vendor/laravel/framework/src/Illuminate/Routing/Pipeline.php:32
[26-Apr-2016 08:20:46 UTC] PHP   9. call_user_func_array:{/home/ubuntu/workspace/vendor/laravel/framework/src/Illuminate/Pipeline/Pipeline.php:124}() /home/ubuntu/workspace/vendor/laravel/framework/src/Illuminate/Pipeline/Pipeline.php:124
[26-Apr-2016 08:20:46 UTC] PHP  10. Illuminate\Foundation\Http\Middleware\CheckForMaintenanceMode->handle() /home/ubuntu/workspace/vendor/laravel/framework/src/Illuminate/Pipeline/Pipeline.php:124
[26-Apr-2016 08:20:46 UTC] PHP  11. Illuminate\Routing\Pipeline->Illuminate\Routing\{closure}() /home/ubuntu/workspace/vendor/laravel/framework/src/Illuminate/Foundation/Http/Middleware/CheckForMaintenanceMode.php:44
[26-Apr-2016 08:20:46 UTC] PHP  12. call_user_func:{/home/ubuntu/workspace/vendor/laravel/framework/src/Illuminate/Routing/Pipeline.php:52}() /home/ubuntu/workspace/vendor/laravel/framework/src/Illuminate/Routing/Pipeline.php:52
[26-Apr-2016 08:20:46 UTC] PHP  13. Illuminate\Foundation\Http\Kernel->Illuminate\Foundation\Http\{closure}() /home/ubuntu/workspace/vendor/laravel/framework/src/Illuminate/Routing/Pipeline.php:52
[26-Apr-2016 08:20:46 UTC] PHP  14. Illuminate\Routing\Router->dispatch() /home/ubuntu/workspace/vendor/laravel/framework/src/Illuminate/Foundation/Http/Kernel.php:246
[26-Apr-2016 08:20:46 UTC] PHP  15. Illuminate\Routing\Router->dispatchToRoute() /home/ubuntu/workspace/vendor/laravel/framework/src/Illuminate/Routing/Router.php:675
[26-Apr-2016 08:20:46 UTC] PHP  16. Illuminate\Routing\Router->findRoute() /home/ubuntu/workspace/vendor/laravel/framework/src/Illuminate/Routing/Router.php:691
[26-Apr-2016 08:20:46 UTC] PHP  17. Illuminate\Routing\Router->substituteBindings() /home/ubuntu/workspace/vendor/laravel/framework/src/Illuminate/Routing/Router.php:827
[26-Apr-2016 08:20:46 UTC] PHP  18. Illuminate\Routing\Router->substituteImplicitBindings() /home/ubuntu/workspace/vendor/laravel/framework/src/Illuminate/Routing/Router.php:844
[26-Apr-2016 08:20:46 UTC] PHP  19. Illuminate\Routing\Route->signatureParameters() /home/ubuntu/workspace/vendor/laravel/framework/src/Illuminate/Routing/Router.php:859
[26-Apr-2016 08:20:46 UTC] PHP  20. ReflectionMethod->__construct() /home/ubuntu/workspace/vendor/laravel/framework/src/Illuminate/Routing/Route.php:279
[26-Apr-2016 08:20:46 UTC] PHP  21. spl_autoload_call() /home/ubuntu/workspace/vendor/laravel/framework/src/Illuminate/Routing/Route.php:279
[26-Apr-2016 08:20:46 UTC] PHP  22. Composer\Autoload\ClassLoader->loadClass() /home/ubuntu/workspace/vendor/laravel/framework/src/Illuminate/Routing/Route.php:279
[26-Apr-2016 08:20:46 UTC] PHP  23. Composer\Autoload\includeFile() /home/ubuntu/workspace/vendor/composer/ClassLoader.php:301
